27/08/2008 19:01:36 Se conecto con ip:80.32.59.89
27/08/2008 19:01:43 DEO HEAD 11
27/08/2008 19:01:56 DEO EXP 9999999
27/08/2008 19:01:57 DEO EXP 9999999
27/08/2008 19:01:57 DEO EXP 9999999/MOD DEO EXP 9999999
27/08/2008 19:01:57 DEO EXP 9999999
27/08/2008 19:01:57 DEO EXP 9999999
27/08/2008 19:01:58 DEO EXP 9999999
27/08/2008 19:01:58 DEO EXP 9999999
27/08/2008 19:01:58 DEO EXP 9999999
27/08/2008 19:01:59 DEO EXP 9999999
27/08/2008 19:01:59 DEO EXP 9999999
27/08/2008 19:01:59 DEO EXP 9999999
27/08/2008 19:02:05 DEO ORO 10000
27/08/2008 19:02:13 Tiro cantidad:10000 Objeto:Monedas de oro
27/08/2008 19:02:15 DEO ORO 999999
27/08/2008 19:02:18 Transporto a Deo hacia Mapa17 X:57 Y:48
27/08/2008 19:03:07 Transporto a Deo hacia Mapa34 X:50 Y:50
27/08/2008 19:03:12 Transporto a Deo hacia Mapa30 X:50 Y:50
27/08/2008 19:03:14 Transporto a Deo hacia Mapa30 X:47 Y:47
27/08/2008 19:16:23 Transporto a Deo hacia Mapa15 X:50 Y:50
27/08/2008 19:19:01 DEO ORO 999999
04/09/2008 23:06:31 Se conecto con ip:80.32.59.89
