19/08/2008 20:40:05 19/08/2008 Pocholo paso a nivel 2 gano HP: 5
19/08/2008 20:42:14 19/08/2008 Sephiroth paso a nivel 2 gano HP: 9
19/08/2008 20:42:14 19/08/2008 Sephiroth paso a nivel 3 gano HP: 6
19/08/2008 20:42:14 19/08/2008 Sephiroth paso a nivel 4 gano HP: 7
19/08/2008 20:42:14 19/08/2008 Sephiroth paso a nivel 5 gano HP: 7
19/08/2008 20:42:14 19/08/2008 Sephiroth paso a nivel 6 gano HP: 8
19/08/2008 20:42:14 19/08/2008 Sephiroth paso a nivel 7 gano HP: 8
19/08/2008 20:42:14 19/08/2008 Sephiroth paso a nivel 8 gano HP: 5
19/08/2008 20:42:14 19/08/2008 Sephiroth paso a nivel 9 gano HP: 7
19/08/2008 20:42:14 19/08/2008 Sephiroth paso a nivel 10 gano HP: 7
19/08/2008 20:42:14 19/08/2008 Sephiroth paso a nivel 11 gano HP: 8
19/08/2008 20:42:14 19/08/2008 Sephiroth paso a nivel 12 gano HP: 9
19/08/2008 20:42:14 19/08/2008 Sephiroth paso a nivel 13 gano HP: 8
19/08/2008 20:42:14 19/08/2008 Sephiroth paso a nivel 14 gano HP: 6
19/08/2008 20:42:14 19/08/2008 Sephiroth paso a nivel 15 gano HP: 7
19/08/2008 20:42:14 19/08/2008 Sephiroth paso a nivel 16 gano HP: 9
19/08/2008 20:42:14 19/08/2008 Sephiroth paso a nivel 17 gano HP: 6
19/08/2008 20:42:14 19/08/2008 Sephiroth paso a nivel 18 gano HP: 8
19/08/2008 20:42:14 19/08/2008 Sephiroth paso a nivel 19 gano HP: 7
19/08/2008 20:42:14 19/08/2008 Sephiroth paso a nivel 20 gano HP: 6
19/08/2008 20:42:14 19/08/2008 Sephiroth paso a nivel 21 gano HP: 9
19/08/2008 20:42:14 19/08/2008 Sephiroth paso a nivel 22 gano HP: 5
19/08/2008 20:42:14 19/08/2008 Sephiroth paso a nivel 23 gano HP: 5
19/08/2008 20:42:14 19/08/2008 Sephiroth paso a nivel 24 gano HP: 5
19/08/2008 20:42:14 19/08/2008 Sephiroth paso a nivel 25 gano HP: 6
19/08/2008 20:42:14 19/08/2008 Sephiroth paso a nivel 26 gano HP: 9
19/08/2008 20:42:14 19/08/2008 Sephiroth paso a nivel 27 gano HP: 9
19/08/2008 20:42:14 19/08/2008 Sephiroth paso a nivel 28 gano HP: 9
19/08/2008 20:42:14 19/08/2008 Sephiroth paso a nivel 29 gano HP: 7
19/08/2008 20:42:14 19/08/2008 Sephiroth paso a nivel 30 gano HP: 8
19/08/2008 20:42:14 19/08/2008 Sephiroth paso a nivel 31 gano HP: 8
19/08/2008 20:42:14 19/08/2008 Sephiroth paso a nivel 32 gano HP: 5
19/08/2008 20:42:15 19/08/2008 Sephiroth paso a nivel 33 gano HP: 9
19/08/2008 20:42:15 19/08/2008 Sephiroth paso a nivel 34 gano HP: 8
19/08/2008 20:42:15 19/08/2008 Sephiroth paso a nivel 35 gano HP: 6
19/08/2008 20:42:15 19/08/2008 Sephiroth paso a nivel 36 gano HP: 7
19/08/2008 20:42:17 19/08/2008 Sephiroth paso a nivel 37 gano HP: 9
19/08/2008 20:42:17 19/08/2008 Sephiroth paso a nivel 38 gano HP: 9
19/08/2008 20:42:18 19/08/2008 Sephiroth paso a nivel 39 gano HP: 6
19/08/2008 20:42:18 19/08/2008 Sephiroth paso a nivel 40 gano HP: 8
19/08/2008 20:42:19 19/08/2008 Sephiroth paso a nivel 41 gano HP: 9
19/08/2008 20:42:23 19/08/2008 Sephiroth paso a nivel 42 gano HP: 5
19/08/2008 20:42:23 19/08/2008 Sephiroth paso a nivel 43 gano HP: 7
19/08/2008 20:42:24 19/08/2008 Sephiroth paso a nivel 44 gano HP: 7
19/08/2008 20:42:25 19/08/2008 Sephiroth paso a nivel 45 gano HP: 8
19/08/2008 20:42:43 19/08/2008 Pocholo paso a nivel 3 gano HP: 8
19/08/2008 20:42:43 19/08/2008 Pocholo paso a nivel 4 gano HP: 5
19/08/2008 20:42:43 19/08/2008 Pocholo paso a nivel 5 gano HP: 5
19/08/2008 20:42:43 19/08/2008 Pocholo paso a nivel 6 gano HP: 9
19/08/2008 20:42:43 19/08/2008 Pocholo paso a nivel 7 gano HP: 5
19/08/2008 20:42:43 19/08/2008 Pocholo paso a nivel 8 gano HP: 7
19/08/2008 20:42:43 19/08/2008 Pocholo paso a nivel 9 gano HP: 8
19/08/2008 20:42:43 19/08/2008 Pocholo paso a nivel 10 gano HP: 8
19/08/2008 20:42:43 19/08/2008 Pocholo paso a nivel 11 gano HP: 6
19/08/2008 20:42:43 19/08/2008 Pocholo paso a nivel 12 gano HP: 8
19/08/2008 20:42:43 19/08/2008 Pocholo paso a nivel 13 gano HP: 8
19/08/2008 20:42:43 19/08/2008 Pocholo paso a nivel 14 gano HP: 9
19/08/2008 20:42:43 19/08/2008 Pocholo paso a nivel 15 gano HP: 9
19/08/2008 20:42:43 19/08/2008 Pocholo paso a nivel 16 gano HP: 5
19/08/2008 20:42:43 19/08/2008 Pocholo paso a nivel 17 gano HP: 9
19/08/2008 20:42:43 19/08/2008 Pocholo paso a nivel 18 gano HP: 6
19/08/2008 20:42:43 19/08/2008 Pocholo paso a nivel 19 gano HP: 8
19/08/2008 20:42:43 19/08/2008 Pocholo paso a nivel 20 gano HP: 7
19/08/2008 20:42:43 19/08/2008 Pocholo paso a nivel 21 gano HP: 6
19/08/2008 20:42:43 19/08/2008 Pocholo paso a nivel 22 gano HP: 9
19/08/2008 20:42:43 19/08/2008 Pocholo paso a nivel 23 gano HP: 9
19/08/2008 20:42:43 19/08/2008 Pocholo paso a nivel 24 gano HP: 6
19/08/2008 20:42:43 19/08/2008 Pocholo paso a nivel 25 gano HP: 9
19/08/2008 20:42:43 19/08/2008 Pocholo paso a nivel 26 gano HP: 9
19/08/2008 20:42:43 19/08/2008 Pocholo paso a nivel 27 gano HP: 6
19/08/2008 20:42:43 19/08/2008 Pocholo paso a nivel 28 gano HP: 5
19/08/2008 20:42:43 19/08/2008 Pocholo paso a nivel 29 gano HP: 9
19/08/2008 20:42:43 19/08/2008 Pocholo paso a nivel 30 gano HP: 5
19/08/2008 20:42:43 19/08/2008 Pocholo paso a nivel 31 gano HP: 7
19/08/2008 20:42:43 19/08/2008 Pocholo paso a nivel 32 gano HP: 7
19/08/2008 20:42:44 19/08/2008 Pocholo paso a nivel 33 gano HP: 9
19/08/2008 20:42:44 19/08/2008 Pocholo paso a nivel 34 gano HP: 5
19/08/2008 20:42:44 19/08/2008 Pocholo paso a nivel 35 gano HP: 8
19/08/2008 20:42:44 19/08/2008 Pocholo paso a nivel 36 gano HP: 5
19/08/2008 20:42:45 19/08/2008 Pocholo paso a nivel 37 gano HP: 9
19/08/2008 20:42:45 19/08/2008 Pocholo paso a nivel 38 gano HP: 7
19/08/2008 20:42:46 19/08/2008 Pocholo paso a nivel 39 gano HP: 8
19/08/2008 20:42:46 19/08/2008 Pocholo paso a nivel 40 gano HP: 7
19/08/2008 20:42:46 19/08/2008 Pocholo paso a nivel 41 gano HP: 5
19/08/2008 20:42:47 19/08/2008 Pocholo paso a nivel 42 gano HP: 7
19/08/2008 20:42:49 19/08/2008 Pocholo paso a nivel 43 gano HP: 5
27/08/2008 19:01:56 27/08/2008 Deo paso a nivel 2 gano HP: 9
27/08/2008 19:01:57 27/08/2008 Deo paso a nivel 3 gano HP: 6
27/08/2008 19:01:57 27/08/2008 Deo paso a nivel 4 gano HP: 6
27/08/2008 19:01:57 27/08/2008 Deo paso a nivel 5 gano HP: 6
27/08/2008 19:01:57 27/08/2008 Deo paso a nivel 6 gano HP: 8
27/08/2008 19:01:57 27/08/2008 Deo paso a nivel 7 gano HP: 6
27/08/2008 19:01:57 27/08/2008 Deo paso a nivel 8 gano HP: 9
27/08/2008 19:01:57 27/08/2008 Deo paso a nivel 9 gano HP: 7
27/08/2008 19:01:57 27/08/2008 Deo paso a nivel 10 gano HP: 7
27/08/2008 19:01:57 27/08/2008 Deo paso a nivel 11 gano HP: 6
27/08/2008 19:01:57 27/08/2008 Deo paso a nivel 12 gano HP: 8
27/08/2008 19:01:57 27/08/2008 Deo paso a nivel 13 gano HP: 7
27/08/2008 19:01:57 27/08/2008 Deo paso a nivel 14 gano HP: 6
27/08/2008 19:01:57 27/08/2008 Deo paso a nivel 15 gano HP: 7
27/08/2008 19:01:57 27/08/2008 Deo paso a nivel 16 gano HP: 8
27/08/2008 19:01:57 27/08/2008 Deo paso a nivel 17 gano HP: 6
27/08/2008 19:01:57 27/08/2008 Deo paso a nivel 18 gano HP: 6
27/08/2008 19:01:57 27/08/2008 Deo paso a nivel 19 gano HP: 10
27/08/2008 19:01:57 27/08/2008 Deo paso a nivel 20 gano HP: 9
27/08/2008 19:01:57 27/08/2008 Deo paso a nivel 21 gano HP: 6
27/08/2008 19:01:57 27/08/2008 Deo paso a nivel 22 gano HP: 9
27/08/2008 19:01:57 27/08/2008 Deo paso a nivel 23 gano HP: 10
27/08/2008 19:01:57 27/08/2008 Deo paso a nivel 24 gano HP: 6
27/08/2008 19:01:57 27/08/2008 Deo paso a nivel 25 gano HP: 9
27/08/2008 19:01:57 27/08/2008 Deo paso a nivel 26 gano HP: 6
27/08/2008 19:01:57 27/08/2008 Deo paso a nivel 27 gano HP: 10
27/08/2008 19:01:57 27/08/2008 Deo paso a nivel 28 gano HP: 10
27/08/2008 19:01:57 27/08/2008 Deo paso a nivel 29 gano HP: 8
27/08/2008 19:01:57 27/08/2008 Deo paso a nivel 30 gano HP: 7
27/08/2008 19:01:57 27/08/2008 Deo paso a nivel 31 gano HP: 6
27/08/2008 19:01:57 27/08/2008 Deo paso a nivel 32 gano HP: 6
27/08/2008 19:01:57 27/08/2008 Deo paso a nivel 33 gano HP: 6
27/08/2008 19:01:57 27/08/2008 Deo paso a nivel 34 gano HP: 9
27/08/2008 19:01:57 27/08/2008 Deo paso a nivel 35 gano HP: 6
27/08/2008 19:01:57 27/08/2008 Deo paso a nivel 36 gano HP: 8
27/08/2008 19:01:57 27/08/2008 Deo paso a nivel 37 gano HP: 6
27/08/2008 19:01:57 27/08/2008 Deo paso a nivel 38 gano HP: 7
27/08/2008 19:01:57 27/08/2008 Deo paso a nivel 39 gano HP: 9
27/08/2008 19:01:57 27/08/2008 Deo paso a nivel 40 gano HP: 10
27/08/2008 19:01:58 27/08/2008 Deo paso a nivel 41 gano HP: 10
27/08/2008 19:01:58 27/08/2008 Deo paso a nivel 42 gano HP: 9
27/08/2008 19:01:58 27/08/2008 Deo paso a nivel 43 gano HP: 6
27/08/2008 19:01:59 27/08/2008 Deo paso a nivel 44 gano HP: 7
27/08/2008 19:01:59 27/08/2008 Deo paso a nivel 45 gano HP: 6
13/09/2008 12:52:50 13/09/2008 Aerith paso a nivel 2 gano HP: 8
13/09/2008 12:58:18 13/09/2008 Aerith paso a nivel 3 gano HP: 5
13/09/2008 12:58:28 13/09/2008 Aerith paso a nivel 4 gano HP: 6
13/09/2008 12:58:49 13/09/2008 Aerith paso a nivel 5 gano HP: 9
13/09/2008 12:59:00 13/09/2008 Aerith paso a nivel 6 gano HP: 5
13/09/2008 13:00:10 13/09/2008 Aerith paso a nivel 7 gano HP: 5
13/09/2008 18:32:58 13/09/2008 ertzainas paso a nivel 2 gano HP: 4
13/09/2008 18:32:59 13/09/2008 ertzainas paso a nivel 3 gano HP: 6
13/09/2008 18:33:00 13/09/2008 ertzainas paso a nivel 4 gano HP: 4
13/09/2008 18:33:01 13/09/2008 ertzainas paso a nivel 5 gano HP: 5
13/09/2008 18:33:03 13/09/2008 ertzainas paso a nivel 6 gano HP: 6
13/09/2008 18:33:04 13/09/2008 ertzainas paso a nivel 7 gano HP: 6
13/09/2008 18:33:05 13/09/2008 ertzainas paso a nivel 8 gano HP: 4
13/09/2008 18:33:06 13/09/2008 ertzainas paso a nivel 9 gano HP: 6
13/09/2008 18:33:08 13/09/2008 ertzainas paso a nivel 10 gano HP: 5
13/09/2008 18:33:09 13/09/2008 ertzainas paso a nivel 11 gano HP: 5
13/09/2008 18:33:10 13/09/2008 ertzainas paso a nivel 12 gano HP: 5
13/09/2008 18:33:11 13/09/2008 ertzainas paso a nivel 13 gano HP: 4
13/09/2008 18:33:12 13/09/2008 ertzainas paso a nivel 14 gano HP: 6
13/09/2008 18:33:15 13/09/2008 ertzainas paso a nivel 15 gano HP: 5
13/09/2008 18:33:16 13/09/2008 ertzainas paso a nivel 16 gano HP: 4
13/09/2008 18:33:17 13/09/2008 ertzainas paso a nivel 17 gano HP: 5
13/09/2008 18:33:18 13/09/2008 ertzainas paso a nivel 18 gano HP: 6
13/09/2008 18:33:20 13/09/2008 ertzainas paso a nivel 19 gano HP: 6
13/09/2008 18:33:22 13/09/2008 ertzainas paso a nivel 20 gano HP: 6
13/09/2008 18:33:24 13/09/2008 ertzainas paso a nivel 21 gano HP: 6
13/09/2008 18:33:29 13/09/2008 ertzainas paso a nivel 22 gano HP: 6
13/09/2008 18:33:30 13/09/2008 ertzainas paso a nivel 23 gano HP: 6
13/09/2008 18:33:37 13/09/2008 ertzainas paso a nivel 24 gano HP: 4
13/09/2008 18:33:38 13/09/2008 ertzainas paso a nivel 25 gano HP: 5
13/09/2008 18:33:39 13/09/2008 ertzainas paso a nivel 26 gano HP: 6
13/09/2008 18:33:40 13/09/2008 ertzainas paso a nivel 27 gano HP: 4
13/09/2008 18:33:42 13/09/2008 ertzainas paso a nivel 28 gano HP: 5
13/09/2008 18:33:45 13/09/2008 ertzainas paso a nivel 29 gano HP: 4
13/09/2008 18:33:46 13/09/2008 ertzainas paso a nivel 30 gano HP: 5
13/09/2008 18:33:47 13/09/2008 ertzainas paso a nivel 31 gano HP: 5
13/09/2008 18:33:48 13/09/2008 ertzainas paso a nivel 32 gano HP: 6
13/09/2008 18:33:50 13/09/2008 ertzainas paso a nivel 33 gano HP: 4
13/09/2008 18:33:53 13/09/2008 ertzainas paso a nivel 34 gano HP: 6
13/09/2008 18:33:55 13/09/2008 ertzainas paso a nivel 35 gano HP: 6
13/09/2008 18:33:56 13/09/2008 ertzainas paso a nivel 36 gano HP: 4
13/09/2008 18:33:58 13/09/2008 ertzainas paso a nivel 37 gano HP: 5
13/09/2008 18:33:59 13/09/2008 ertzainas paso a nivel 38 gano HP: 6
13/09/2008 18:34:01 13/09/2008 ertzainas paso a nivel 39 gano HP: 4
13/09/2008 18:34:02 13/09/2008 ertzainas paso a nivel 40 gano HP: 5
13/09/2008 18:34:06 13/09/2008 ertzainas paso a nivel 41 gano HP: 6
14/09/2008 1:44:06 14/09/2008 Javier Clemente paso a nivel 2 gano HP: 10
14/09/2008 1:44:22 14/09/2008 Javier Clemente paso a nivel 3 gano HP: 9
14/09/2008 1:44:22 14/09/2008 Javier Clemente paso a nivel 4 gano HP: 6
14/09/2008 1:44:22 14/09/2008 Javier Clemente paso a nivel 5 gano HP: 10
14/09/2008 1:44:56 14/09/2008 Javier Clemente paso a nivel 6 gano HP: 8
14/09/2008 1:44:56 14/09/2008 Javier Clemente paso a nivel 7 gano HP: 8
14/09/2008 1:55:46 14/09/2008 Javier Clemente paso a nivel 8 gano HP: 9
20/09/2008 20:03:29 20/09/2008 Imanol paso a nivel 2 gano HP: 6
20/09/2008 20:03:30 20/09/2008 Imanol paso a nivel 3 gano HP: 7
20/09/2008 20:03:30 20/09/2008 Imanol paso a nivel 4 gano HP: 9
20/09/2008 20:03:30 20/09/2008 Imanol paso a nivel 5 gano HP: 7
20/09/2008 20:03:30 20/09/2008 Imanol paso a nivel 6 gano HP: 8
20/09/2008 20:03:30 20/09/2008 Imanol paso a nivel 7 gano HP: 9
20/09/2008 20:03:30 20/09/2008 Imanol paso a nivel 8 gano HP: 7
20/09/2008 20:03:30 20/09/2008 Imanol paso a nivel 9 gano HP: 8
20/09/2008 20:03:30 20/09/2008 Imanol paso a nivel 10 gano HP: 7
20/09/2008 20:03:30 20/09/2008 Imanol paso a nivel 11 gano HP: 7
20/09/2008 20:03:30 20/09/2008 Imanol paso a nivel 12 gano HP: 9
20/09/2008 20:03:30 20/09/2008 Imanol paso a nivel 13 gano HP: 7
20/09/2008 20:03:30 20/09/2008 Imanol paso a nivel 14 gano HP: 7
20/09/2008 20:03:30 20/09/2008 Imanol paso a nivel 15 gano HP: 6
20/09/2008 20:03:30 20/09/2008 Imanol paso a nivel 16 gano HP: 7
20/09/2008 20:03:30 20/09/2008 Imanol paso a nivel 17 gano HP: 7
20/09/2008 20:03:30 20/09/2008 Imanol paso a nivel 18 gano HP: 9
20/09/2008 20:03:30 20/09/2008 Imanol paso a nivel 19 gano HP: 6
20/09/2008 20:03:30 20/09/2008 Imanol paso a nivel 20 gano HP: 8
20/09/2008 20:03:30 20/09/2008 Imanol paso a nivel 21 gano HP: 9
20/09/2008 20:03:30 20/09/2008 Imanol paso a nivel 22 gano HP: 7
20/09/2008 20:03:30 20/09/2008 Imanol paso a nivel 23 gano HP: 9
20/09/2008 20:03:30 20/09/2008 Imanol paso a nivel 24 gano HP: 9
20/09/2008 20:03:30 20/09/2008 Imanol paso a nivel 25 gano HP: 10
