19/08/2008 20:51:52 HandleData. CadOri:/apostar 9999999999 Nom:PocholoUI:1 N: 6 D: Desbordamiento
27/08/2008 19:19:03 HandleData. CadOri:/duelo Nom:DeoUI:1 N: 9 D: El subíndice está fuera del intervalo
27/08/2008 19:19:11 HandleData. CadOri:/duelo Nom:DeoUI:1 N: 9 D: El subíndice está fuera del intervalo
27/05/2009 21:25:12 HandleData. CadOri:ALOGINlorwik,123,2.0.8,10178812f0883899ab88 Nom:UI:1 N: 13 D: No coinciden los tipos
27/05/2009 21:25:13 HandleData. CadOri:ALOGINlorwik,123,2.0.8,2738812f0883899ab88 Nom:UI:1 N: 13 D: No coinciden los tipos
27/05/2009 21:25:15 HandleData. CadOri:ALOGINlorwik,123,2.0.8,11618812f0883899ab88 Nom:UI:1 N: 13 D: No coinciden los tipos
27/05/2009 21:25:25 HandleData. CadOri:ALOGINlorwik,123,2.0.8,-78812f0883899ab88 Nom:UI:1 N: 13 D: No coinciden los tipos
05/07/2009 20:17:15 HandleData. CadOri:ALOGINLorwik,123,2.0.8,6488812f0883899ab88 Nom:UI:1 N: 13 D: No coinciden los tipos
05/07/2009 20:17:16 HandleData. CadOri:ALOGINLorwik,123,2.0.8,15008812f0883899ab88 Nom:UI:1 N: 13 D: No coinciden los tipos
05/07/2009 20:17:18 HandleData. CadOri:ALOGINLorwik,123,2.0.8,3268812f0883899ab88 Nom:UI:1 N: 13 D: No coinciden los tipos
05/07/2009 20:17:46 HandleData. CadOri:ALOGINLorwik,123,2.0.8,12358812f0883899ab88 Nom:UI:1 N: 13 D: No coinciden los tipos
05/07/2009 20:17:59 HandleData. CadOri:ALOGINLorwik,123,2.0.8,12088812f0883899ab88 Nom:UI:1 N: 13 D: No coinciden los tipos
05/07/2009 20:22:34 HandleData. CadOri:ALOGINASDER,123,2.0.8,14738812f0883899ab88 Nom:UI:1 N: 13 D: No coinciden los tipos
05/07/2009 20:22:35 HandleData. CadOri:ALOGINASDER,123,2.0.8,3358812f0883899ab88 Nom:UI:1 N: 13 D: No coinciden los tipos
05/07/2009 20:23:15 HandleData. CadOri:ALOGINASDER,BLHCJOF,2.0.8,9658812f0883899ab88 Nom:UI:1 N: 13 D: No coinciden los tipos
05/07/2009 20:23:17 HandleData. CadOri:ALOGINASDER,BLHCJOF,2.0.8,7498812f0883899ab88 Nom:UI:1 N: 13 D: No coinciden los tipos
10/09/2011 17:39:44 HandleData. CadOri:ALOGINLorwik,123,2.0.8,12638812f0883899ab88 Nom:UI:1 N: 13 D: No coinciden los tipos
10/09/2011 17:41:19 HandleData. CadOri:ALOGINLorwik,123,2.0.8,12638812f0883899ab88 Nom:UI:1 N: 13 D: No coinciden los tipos
23/09/2011 21:58:12 HandleData. CadOri:ALOGINLorwik,123456,2.0.8,-78812f0883899ab88 Nom:UI:1 N: 13 D: No coinciden los tipos
23/09/2011 21:58:13 HandleData. CadOri:ALOGINLorwik,123456,2.0.8,13028812f0883899ab88 Nom:UI:1 N: 13 D: No coinciden los tipos
