13/09/2008 18:25:45 Mensaje Broadcast:oye tu usas txpela?
13/09/2008 18:25:57 Mensaje a Gms:puto
13/09/2008 18:27:24 Mensaje Broadcast:oye
13/09/2008 18:27:30 Mensaje Broadcast:puto ertzaina
13/09/2008 18:27:36 Mensaje Broadcast:tu usas txapela?
13/09/2008 18:28:02 /IRA Javier Clemente Mapa:17 X:48 Y:51
13/09/2008 18:28:22 /apagar
13/09/2008 18:29:13 Echo a 
13/09/2008 18:34:33 ERTZAINAS ORO 999999
13/09/2008 18:34:39 /CI: 318
13/09/2008 18:34:47 Echo a 
13/09/2008 18:34:49 Agarro:100 Objeto:Invisibilidad
13/09/2008 18:35:23 Mensaje Broadcast:3
13/09/2008 18:35:24 Mensaje Broadcast:2
13/09/2008 18:35:24 Mensaje Broadcast:1
13/09/2008 18:35:25 Mensaje Broadcast:¡YA!
13/09/2008 18:35:45 Mensaje Broadcast:¡YA!
13/09/2008 18:35:47 Mensaje Broadcast:¡YA!
13/09/2008 18:35:47 Mensaje Broadcast:1
13/09/2008 18:35:48 Mensaje Broadcast:2
13/09/2008 18:35:49 Mensaje Broadcast:3
13/09/2008 18:35:54 Mensaje Broadcast:¡YA!
13/09/2008 18:35:59 Mensaje Broadcast:¡YA!
13/09/2008 18:35:59 Mensaje Broadcast:¡YA!
13/09/2008 18:36:00 Mensaje Broadcast:¡YA!
13/09/2008 18:36:00 Mensaje Broadcast:1
13/09/2008 18:36:00 Mensaje Broadcast:1
13/09/2008 18:36:00 Mensaje Broadcast:1
13/09/2008 18:36:00 Mensaje Broadcast:2
13/09/2008 18:36:00 Mensaje Broadcast:2
13/09/2008 18:36:01 Mensaje Broadcast:3
13/09/2008 18:36:01 Mensaje Broadcast:3
13/09/2008 18:36:01 Mensaje Broadcast:3
13/09/2008 18:36:01 Mensaje Broadcast:3
13/09/2008 18:36:49 /IRA Javier Clemente Mapa:17 X:59 Y:47
13/09/2008 18:37:50 /IRA Javier Clemente Mapa:17 X:59 Y:47
13/09/2008 18:39:43 /IRA Javier Clemente Mapa:17 X:50 Y:61
13/09/2008 18:40:19 Tiro cantidad:1 Objeto:Invisibilidad
13/09/2008 18:40:22 Tiro cantidad:1 Objeto:Invisibilidad
13/09/2008 18:40:25 Tiro cantidad:1 Objeto:Invisibilidad
13/09/2008 18:40:32 Tiro cantidad:1 Objeto:Invisibilidad
13/09/2008 18:40:36 Tiro cantidad:1 Objeto:Invisibilidad
13/09/2008 18:40:51 Tiro cantidad:1 Objeto:Invisibilidad
13/09/2008 18:40:56 Tiro cantidad:1 Objeto:Invisibilidad
13/09/2008 18:41:40 /MASSKILL
13/09/2008 18:41:46 Tiro cantidad:1 Objeto:Invisibilidad
13/09/2008 18:41:50 Tiro cantidad:1 Objeto:Invisibilidad
13/09/2008 18:41:56 Tiro cantidad:1 Objeto:Invisibilidad
13/09/2008 18:42:01 Tiro cantidad:10 Objeto:Invisibilidad
13/09/2008 18:42:07 /TELEPLOC a x:54 Y:64 Map:17
13/09/2008 18:42:12 /TELEPLOC a x:55 Y:64 Map:17
13/09/2008 18:42:16 Tiro cantidad:10 Objeto:Invisibilidad
13/09/2008 18:42:22 Tiro cantidad:1 Objeto:Invisibilidad
13/09/2008 18:42:27 Tiro cantidad:1 Objeto:Invisibilidad
13/09/2008 18:42:33 Tiro cantidad:1 Objeto:Invisibilidad
13/09/2008 18:42:43 Tiro cantidad:1 Objeto:Invisibilidad
13/09/2008 18:42:47 Tiro cantidad:1 Objeto:Invisibilidad
13/09/2008 18:43:03 Tiro cantidad:1 Objeto:Invisibilidad
13/09/2008 18:43:06 Tiro cantidad:1 Objeto:Invisibilidad
13/09/2008 18:43:12 Tiro cantidad:1 Objeto:Invisibilidad
13/09/2008 18:43:18 Tiro cantidad:1 Objeto:Invisibilidad
13/09/2008 18:43:21 Tiro cantidad:1 Objeto:Invisibilidad
13/09/2008 18:43:25 Tiro cantidad:1 Objeto:Invisibilidad
13/09/2008 18:43:29 Tiro cantidad:1 Objeto:Invisibilidad
13/09/2008 18:43:32 Tiro cantidad:1 Objeto:Invisibilidad
13/09/2008 18:43:50 Tiro cantidad:1 Objeto:Invisibilidad
13/09/2008 18:43:54 /lluvia
13/09/2008 18:43:56 Tiro cantidad:1 Objeto:Invisibilidad
13/09/2008 18:43:59 Tiro cantidad:1 Objeto:Invisibilidad
13/09/2008 18:44:06 Tiro cantidad:1 Objeto:Invisibilidad
13/09/2008 18:44:12 Mensaje Broadcast: clemente roriguez?
13/09/2008 18:44:14 Tiro cantidad:1 Objeto:Invisibilidad
13/09/2008 18:44:18 Tiro cantidad:1 Objeto:Invisibilidad
13/09/2008 18:44:22 Tiro cantidad:1 Objeto:Invisibilidad
13/09/2008 18:44:31 Tiro cantidad:1 Objeto:Invisibilidad
13/09/2008 18:44:38 Tiro cantidad:1 Objeto:Invisibilidad
13/09/2008 18:44:40 Tiro cantidad:1 Objeto:Invisibilidad
13/09/2008 18:44:43 Tiro cantidad:1 Objeto:Invisibilidad
13/09/2008 18:44:48 Tiro cantidad:1 Objeto:Invisibilidad
13/09/2008 18:44:52 Tiro cantidad:1 Objeto:Invisibilidad
13/09/2008 18:44:57 Tiro cantidad:1 Objeto:Invisibilidad
13/09/2008 18:45:00 Tiro cantidad:1 Objeto:Invisibilidad
13/09/2008 18:45:04 Tiro cantidad:1 Objeto:Invisibilidad
13/09/2008 18:45:09 Tiro cantidad:1 Objeto:Invisibilidad
13/09/2008 18:45:12 Tiro cantidad:1 Objeto:Invisibilidad
13/09/2008 18:45:25 /SUM Javier Clemente Map:17 X:57 Y:64
13/09/2008 18:46:58 Mensaje Broadcast:wisin y yandel
