19/08/2008 13:21:06 NumUsers: 0 WSAPISock2Usr: 0
19/08/2008 13:30:16 NumUsers: 0 WSAPISock2Usr: 0
19/08/2008 20:26:26 NumUsers: 0 WSAPISock2Usr: 0
19/08/2008 20:31:26 NumUsers: 1 WSAPISock2Usr: 1
19/08/2008 20:36:26 NumUsers: 2 WSAPISock2Usr: 2
19/08/2008 20:41:26 NumUsers: 2 WSAPISock2Usr: 2
19/08/2008 20:46:26 NumUsers: 1 WSAPISock2Usr: 1
19/08/2008 20:51:26 NumUsers: 2 WSAPISock2Usr: 2
19/08/2008 20:56:26 NumUsers: 2 WSAPISock2Usr: 2
19/08/2008 21:01:27 NumUsers: 2 WSAPISock2Usr: 2
19/08/2008 21:06:27 NumUsers: 2 WSAPISock2Usr: 2
19/08/2008 21:11:27 NumUsers: 2 WSAPISock2Usr: 2
19/08/2008 21:16:27 NumUsers: 2 WSAPISock2Usr: 2
19/08/2008 21:21:27 NumUsers: 1 WSAPISock2Usr: 1
23/08/2008 23:34:35 NumUsers: 1 WSAPISock2Usr: 1
23/08/2008 23:39:35 NumUsers: 0 WSAPISock2Usr: 0
23/08/2008 23:44:35 NumUsers: 0 WSAPISock2Usr: 0
23/08/2008 23:49:35 NumUsers: 0 WSAPISock2Usr: 0
23/08/2008 23:54:35 NumUsers: 0 WSAPISock2Usr: 0
23/08/2008 23:59:35 NumUsers: 0 WSAPISock2Usr: 0
24/08/2008 0:04:35 NumUsers: 0 WSAPISock2Usr: 0
24/08/2008 0:09:35 NumUsers: 0 WSAPISock2Usr: 0
24/08/2008 0:14:35 NumUsers: 0 WSAPISock2Usr: 0
24/08/2008 0:19:35 NumUsers: 0 WSAPISock2Usr: 0
27/08/2008 19:03:16 NumUsers: 1 WSAPISock2Usr: 1
27/08/2008 19:08:16 NumUsers: 1 WSAPISock2Usr: 1
27/08/2008 19:13:16 NumUsers: 1 WSAPISock2Usr: 1
27/08/2008 19:18:16 NumUsers: 1 WSAPISock2Usr: 1
27/08/2008 19:23:16 NumUsers: 0 WSAPISock2Usr: 0
27/08/2008 19:28:16 NumUsers: 0 WSAPISock2Usr: 0
27/08/2008 19:33:16 NumUsers: 0 WSAPISock2Usr: 0
04/09/2008 23:10:41 NumUsers: 0 WSAPISock2Usr: 0
04/09/2008 23:15:41 NumUsers: 0 WSAPISock2Usr: 0
13/09/2008 0:20:07 NumUsers: 0 WSAPISock2Usr: 0
13/09/2008 2:08:04 NumUsers: 0 WSAPISock2Usr: 0
13/09/2008 2:20:35 NumUsers: 0 WSAPISock2Usr: 0
13/09/2008 9:22:36 NumUsers: 0 WSAPISock2Usr: 0
13/09/2008 9:29:14 NumUsers: 0 WSAPISock2Usr: 0
13/09/2008 9:44:41 NumUsers: 0 WSAPISock2Usr: 0
13/09/2008 9:49:41 NumUsers: 0 WSAPISock2Usr: 0
13/09/2008 9:54:41 NumUsers: 0 WSAPISock2Usr: 0
13/09/2008 9:59:41 NumUsers: 0 WSAPISock2Usr: 0
13/09/2008 12:53:44 NumUsers: 1 WSAPISock2Usr: 1
13/09/2008 12:58:44 NumUsers: 1 WSAPISock2Usr: 1
13/09/2008 13:03:44 NumUsers: 1 WSAPISock2Usr: 1
13/09/2008 13:08:44 NumUsers: 1 WSAPISock2Usr: 1
13/09/2008 13:13:44 NumUsers: 1 WSAPISock2Usr: 1
13/09/2008 13:18:44 NumUsers: 0 WSAPISock2Usr: 0
13/09/2008 13:23:44 NumUsers: 0 WSAPISock2Usr: 0
13/09/2008 16:52:32 NumUsers: 0 WSAPISock2Usr: 0
13/09/2008 17:02:35 NumUsers: 0 WSAPISock2Usr: 0
13/09/2008 17:08:47 NumUsers: 0 WSAPISock2Usr: 0
13/09/2008 17:13:47 NumUsers: 0 WSAPISock2Usr: 0
13/09/2008 17:24:05 NumUsers: 0 WSAPISock2Usr: 0
13/09/2008 17:29:05 NumUsers: 0 WSAPISock2Usr: 0
13/09/2008 17:38:21 NumUsers: 0 WSAPISock2Usr: 0
13/09/2008 17:43:21 NumUsers: 0 WSAPISock2Usr: 0
13/09/2008 17:48:21 NumUsers: 0 WSAPISock2Usr: 0
13/09/2008 17:58:35 NumUsers: 0 WSAPISock2Usr: 0
13/09/2008 18:03:35 NumUsers: 1 WSAPISock2Usr: 1
13/09/2008 18:08:35 NumUsers: 2 WSAPISock2Usr: 2
13/09/2008 18:13:35 NumUsers: 1 WSAPISock2Usr: 1
13/09/2008 18:18:35 NumUsers: 1 WSAPISock2Usr: 1
13/09/2008 18:29:47 NumUsers: 2 WSAPISock2Usr: 2
13/09/2008 18:32:57 1) ConnID: 1428. ConnidValida: Verdadero Name: ertzainas UserLogged: Verdadero
13/09/2008 18:32:57 2) ConnID: 1420. ConnidValida: Verdadero Name: Javier Clemente UserLogged: Verdadero
13/09/2008 18:32:57 3) ConnID: -1. ConnidValida: Falso Name:  UserLogged: Falso
13/09/2008 18:32:57 4) ConnID: -1. ConnidValida: Falso Name:  UserLogged: Falso
13/09/2008 18:32:57 5) ConnID: -1. ConnidValida: Falso Name:  UserLogged: Falso
13/09/2008 18:32:57 6) ConnID: -1. ConnidValida: Falso Name:  UserLogged: Falso
13/09/2008 18:32:57 7) ConnID: -1. ConnidValida: Falso Name:  UserLogged: Falso
13/09/2008 18:32:57 8) ConnID: -1. ConnidValida: Falso Name:  UserLogged: Falso
13/09/2008 18:32:57 9) ConnID: -1. ConnidValida: Falso Name:  UserLogged: Falso
13/09/2008 18:32:57 10) ConnID: -1. ConnidValida: Falso Name:  UserLogged: Falso
13/09/2008 18:32:57 11) ConnID: -1. ConnidValida: Falso Name:  UserLogged: Falso
13/09/2008 18:32:57 12) ConnID: -1. ConnidValida: Falso Name:  UserLogged: Falso
13/09/2008 18:32:57 13) ConnID: -1. ConnidValida: Falso Name:  UserLogged: Falso
13/09/2008 18:32:57 14) ConnID: -1. ConnidValida: Falso Name:  UserLogged: Falso
13/09/2008 18:32:57 15) ConnID: -1. ConnidValida: Falso Name:  UserLogged: Falso
13/09/2008 18:32:57 16) ConnID: -1. ConnidValida: Falso Name:  UserLogged: Falso
13/09/2008 18:32:57 17) ConnID: -1. ConnidValida: Falso Name:  UserLogged: Falso
13/09/2008 18:32:57 18) ConnID: -1. ConnidValida: Falso Name:  UserLogged: Falso
13/09/2008 18:32:57 19) ConnID: -1. ConnidValida: Falso Name:  UserLogged: Falso
13/09/2008 18:32:57 20) ConnID: -1. ConnidValida: Falso Name:  UserLogged: Falso
13/09/2008 18:32:57 21) ConnID: -1. ConnidValida: Falso Name:  UserLogged: Falso
13/09/2008 18:32:57 22) ConnID: -1. ConnidValida: Falso Name:  UserLogged: Falso
13/09/2008 18:32:57 23) ConnID: -1. ConnidValida: Falso Name:  UserLogged: Falso
13/09/2008 18:32:57 24) ConnID: -1. ConnidValida: Falso Name:  UserLogged: Falso
13/09/2008 18:32:57 25) ConnID: -1. ConnidValida: Falso Name:  UserLogged: Falso
13/09/2008 18:32:57 26) ConnID: -1. ConnidValida: Falso Name:  UserLogged: Falso
13/09/2008 18:32:57 27) ConnID: -1. ConnidValida: Falso Name:  UserLogged: Falso
13/09/2008 18:32:57 28) ConnID: -1. ConnidValida: Falso Name:  UserLogged: Falso
13/09/2008 18:32:57 29) ConnID: -1. ConnidValida: Falso Name:  UserLogged: Falso
13/09/2008 18:32:57 30) ConnID: -1. ConnidValida: Falso Name:  UserLogged: Falso
13/09/2008 18:32:57 31) ConnID: -1. ConnidValida: Falso Name:  UserLogged: Falso
13/09/2008 18:32:57 32) ConnID: -1. ConnidValida: Falso Name:  UserLogged: Falso
13/09/2008 18:32:57 33) ConnID: -1. ConnidValida: Falso Name:  UserLogged: Falso
13/09/2008 18:32:57 34) ConnID: -1. ConnidValida: Falso Name:  UserLogged: Falso
13/09/2008 18:32:57 35) ConnID: -1. ConnidValida: Falso Name:  UserLogged: Falso
13/09/2008 18:32:57 36) ConnID: -1. ConnidValida: Falso Name:  UserLogged: Falso
13/09/2008 18:32:57 37) ConnID: -1. ConnidValida: Falso Name:  UserLogged: Falso
13/09/2008 18:32:57 38) ConnID: -1. ConnidValida: Falso Name:  UserLogged: Falso
13/09/2008 18:32:57 39) ConnID: -1. ConnidValida: Falso Name:  UserLogged: Falso
13/09/2008 18:32:57 40) ConnID: -1. ConnidValida: Falso Name:  UserLogged: Falso
13/09/2008 18:32:57 41) ConnID: -1. ConnidValida: Falso Name:  UserLogged: Falso
13/09/2008 18:32:57 42) ConnID: -1. ConnidValida: Falso Name:  UserLogged: Falso
13/09/2008 18:32:57 43) ConnID: -1. ConnidValida: Falso Name:  UserLogged: Falso
13/09/2008 18:32:57 44) ConnID: -1. ConnidValida: Falso Name:  UserLogged: Falso
13/09/2008 18:32:57 45) ConnID: -1. ConnidValida: Falso Name:  UserLogged: Falso
13/09/2008 18:32:57 46) ConnID: -1. ConnidValida: Falso Name:  UserLogged: Falso
13/09/2008 18:32:57 47) ConnID: -1. ConnidValida: Falso Name:  UserLogged: Falso
13/09/2008 18:32:57 48) ConnID: -1. ConnidValida: Falso Name:  UserLogged: Falso
13/09/2008 18:32:57 49) ConnID: -1. ConnidValida: Falso Name:  UserLogged: Falso
13/09/2008 18:32:57 50) ConnID: -1. ConnidValida: Falso Name:  UserLogged: Falso
13/09/2008 18:32:57 51) ConnID: -1. ConnidValida: Falso Name:  UserLogged: Falso
13/09/2008 18:32:57 52) ConnID: -1. ConnidValida: Falso Name:  UserLogged: Falso
13/09/2008 18:32:57 53) ConnID: -1. ConnidValida: Falso Name:  UserLogged: Falso
13/09/2008 18:32:57 54) ConnID: -1. ConnidValida: Falso Name:  UserLogged: Falso
13/09/2008 18:32:57 55) ConnID: -1. ConnidValida: Falso Name:  UserLogged: Falso
13/09/2008 18:32:57 56) ConnID: -1. ConnidValida: Falso Name:  UserLogged: Falso
13/09/2008 18:32:57 57) ConnID: -1. ConnidValida: Falso Name:  UserLogged: Falso
13/09/2008 18:32:57 58) ConnID: -1. ConnidValida: Falso Name:  UserLogged: Falso
13/09/2008 18:32:57 59) ConnID: -1. ConnidValida: Falso Name:  UserLogged: Falso
13/09/2008 18:32:57 60) ConnID: -1. ConnidValida: Falso Name:  UserLogged: Falso
13/09/2008 18:32:57 61) ConnID: -1. ConnidValida: Falso Name:  UserLogged: Falso
13/09/2008 18:32:57 62) ConnID: -1. ConnidValida: Falso Name:  UserLogged: Falso
13/09/2008 18:32:57 63) ConnID: -1. ConnidValida: Falso Name:  UserLogged: Falso
13/09/2008 18:32:57 64) ConnID: -1. ConnidValida: Falso Name:  UserLogged: Falso
13/09/2008 18:32:57 65) ConnID: -1. ConnidValida: Falso Name:  UserLogged: Falso
13/09/2008 18:32:57 66) ConnID: -1. ConnidValida: Falso Name:  UserLogged: Falso
13/09/2008 18:32:57 67) ConnID: -1. ConnidValida: Falso Name:  UserLogged: Falso
13/09/2008 18:32:57 68) ConnID: -1. ConnidValida: Falso Name:  UserLogged: Falso
13/09/2008 18:32:57 69) ConnID: -1. ConnidValida: Falso Name:  UserLogged: Falso
13/09/2008 18:32:57 70) ConnID: -1. ConnidValida: Falso Name:  UserLogged: Falso
13/09/2008 18:32:57 71) ConnID: -1. ConnidValida: Falso Name:  UserLogged: Falso
13/09/2008 18:32:57 72) ConnID: -1. ConnidValida: Falso Name:  UserLogged: Falso
13/09/2008 18:32:57 73) ConnID: -1. ConnidValida: Falso Name:  UserLogged: Falso
13/09/2008 18:32:57 74) ConnID: -1. ConnidValida: Falso Name:  UserLogged: Falso
13/09/2008 18:32:57 75) ConnID: -1. ConnidValida: Falso Name:  UserLogged: Falso
13/09/2008 18:32:57 76) ConnID: -1. ConnidValida: Falso Name:  UserLogged: Falso
13/09/2008 18:32:57 77) ConnID: -1. ConnidValida: Falso Name:  UserLogged: Falso
13/09/2008 18:32:57 78) ConnID: -1. ConnidValida: Falso Name:  UserLogged: Falso
13/09/2008 18:32:57 79) ConnID: -1. ConnidValida: Falso Name:  UserLogged: Falso
13/09/2008 18:32:57 80) ConnID: -1. ConnidValida: Falso Name:  UserLogged: Falso
13/09/2008 18:32:57 81) ConnID: -1. ConnidValida: Falso Name:  UserLogged: Falso
13/09/2008 18:32:57 82) ConnID: -1. ConnidValida: Falso Name:  UserLogged: Falso
13/09/2008 18:32:57 83) ConnID: -1. ConnidValida: Falso Name:  UserLogged: Falso
13/09/2008 18:32:57 84) ConnID: -1. ConnidValida: Falso Name:  UserLogged: Falso
13/09/2008 18:32:57 85) ConnID: -1. ConnidValida: Falso Name:  UserLogged: Falso
13/09/2008 18:32:57 86) ConnID: -1. ConnidValida: Falso Name:  UserLogged: Falso
13/09/2008 18:32:57 87) ConnID: -1. ConnidValida: Falso Name:  UserLogged: Falso
13/09/2008 18:32:57 88) ConnID: -1. ConnidValida: Falso Name:  UserLogged: Falso
13/09/2008 18:32:57 89) ConnID: -1. ConnidValida: Falso Name:  UserLogged: Falso
13/09/2008 18:32:57 90) ConnID: -1. ConnidValida: Falso Name:  UserLogged: Falso
13/09/2008 18:32:57 91) ConnID: -1. ConnidValida: Falso Name:  UserLogged: Falso
13/09/2008 18:32:57 92) ConnID: -1. ConnidValida: Falso Name:  UserLogged: Falso
13/09/2008 18:32:57 93) ConnID: -1. ConnidValida: Falso Name:  UserLogged: Falso
13/09/2008 18:32:57 94) ConnID: -1. ConnidValida: Falso Name:  UserLogged: Falso
13/09/2008 18:32:57 95) ConnID: -1. ConnidValida: Falso Name:  UserLogged: Falso
13/09/2008 18:32:57 96) ConnID: -1. ConnidValida: Falso Name:  UserLogged: Falso
13/09/2008 18:32:57 97) ConnID: -1. ConnidValida: Falso Name:  UserLogged: Falso
13/09/2008 18:32:57 98) ConnID: -1. ConnidValida: Falso Name:  UserLogged: Falso
13/09/2008 18:32:57 99) ConnID: -1. ConnidValida: Falso Name:  UserLogged: Falso
13/09/2008 18:32:57 100) ConnID: -1. ConnidValida: Falso Name:  UserLogged: Falso
13/09/2008 18:32:57 101) ConnID: -1. ConnidValida: Falso Name:  UserLogged: Falso
13/09/2008 18:32:57 102) ConnID: -1. ConnidValida: Falso Name:  UserLogged: Falso
13/09/2008 18:32:57 103) ConnID: -1. ConnidValida: Falso Name:  UserLogged: Falso
13/09/2008 18:32:57 104) ConnID: -1. ConnidValida: Falso Name:  UserLogged: Falso
13/09/2008 18:32:57 105) ConnID: -1. ConnidValida: Falso Name:  UserLogged: Falso
13/09/2008 18:32:57 106) ConnID: -1. ConnidValida: Falso Name:  UserLogged: Falso
13/09/2008 18:32:57 107) ConnID: -1. ConnidValida: Falso Name:  UserLogged: Falso
13/09/2008 18:32:57 108) ConnID: -1. ConnidValida: Falso Name:  UserLogged: Falso
13/09/2008 18:32:57 109) ConnID: -1. ConnidValida: Falso Name:  UserLogged: Falso
13/09/2008 18:32:57 110) ConnID: -1. ConnidValida: Falso Name:  UserLogged: Falso
13/09/2008 18:32:57 111) ConnID: -1. ConnidValida: Falso Name:  UserLogged: Falso
13/09/2008 18:32:57 112) ConnID: -1. ConnidValida: Falso Name:  UserLogged: Falso
13/09/2008 18:32:57 113) ConnID: -1. ConnidValida: Falso Name:  UserLogged: Falso
13/09/2008 18:32:57 114) ConnID: -1. ConnidValida: Falso Name:  UserLogged: Falso
13/09/2008 18:32:57 115) ConnID: -1. ConnidValida: Falso Name:  UserLogged: Falso
13/09/2008 18:32:57 116) ConnID: -1. ConnidValida: Falso Name:  UserLogged: Falso
13/09/2008 18:32:57 117) ConnID: -1. ConnidValida: Falso Name:  UserLogged: Falso
13/09/2008 18:32:57 118) ConnID: -1. ConnidValida: Falso Name:  UserLogged: Falso
13/09/2008 18:32:57 119) ConnID: -1. ConnidValida: Falso Name:  UserLogged: Falso
13/09/2008 18:32:57 120) ConnID: -1. ConnidValida: Falso Name:  UserLogged: Falso
13/09/2008 18:32:57 121) ConnID: -1. ConnidValida: Falso Name:  UserLogged: Falso
13/09/2008 18:32:57 122) ConnID: -1. ConnidValida: Falso Name:  UserLogged: Falso
13/09/2008 18:32:57 123) ConnID: -1. ConnidValida: Falso Name:  UserLogged: Falso
13/09/2008 18:32:57 124) ConnID: -1. ConnidValida: Falso Name:  UserLogged: Falso
13/09/2008 18:32:57 125) ConnID: -1. ConnidValida: Falso Name:  UserLogged: Falso
13/09/2008 18:32:57 126) ConnID: -1. ConnidValida: Falso Name:  UserLogged: Falso
13/09/2008 18:32:57 127) ConnID: -1. ConnidValida: Falso Name:  UserLogged: Falso
13/09/2008 18:32:57 128) ConnID: -1. ConnidValida: Falso Name:  UserLogged: Falso
13/09/2008 18:32:57 129) ConnID: -1. ConnidValida: Falso Name:  UserLogged: Falso
13/09/2008 18:32:57 130) ConnID: -1. ConnidValida: Falso Name:  UserLogged: Falso
13/09/2008 18:32:57 131) ConnID: -1. ConnidValida: Falso Name:  UserLogged: Falso
13/09/2008 18:32:57 132) ConnID: -1. ConnidValida: Falso Name:  UserLogged: Falso
13/09/2008 18:32:57 133) ConnID: -1. ConnidValida: Falso Name:  UserLogged: Falso
13/09/2008 18:32:57 134) ConnID: -1. ConnidValida: Falso Name:  UserLogged: Falso
13/09/2008 18:32:57 135) ConnID: -1. ConnidValida: Falso Name:  UserLogged: Falso
13/09/2008 18:32:57 136) ConnID: -1. ConnidValida: Falso Name:  UserLogged: Falso
13/09/2008 18:32:57 137) ConnID: -1. ConnidValida: Falso Name:  UserLogged: Falso
13/09/2008 18:32:57 138) ConnID: -1. ConnidValida: Falso Name:  UserLogged: Falso
13/09/2008 18:32:57 139) ConnID: -1. ConnidValida: Falso Name:  UserLogged: Falso
13/09/2008 18:32:57 140) ConnID: -1. ConnidValida: Falso Name:  UserLogged: Falso
13/09/2008 18:32:57 141) ConnID: -1. ConnidValida: Falso Name:  UserLogged: Falso
13/09/2008 18:32:57 142) ConnID: -1. ConnidValida: Falso Name:  UserLogged: Falso
13/09/2008 18:32:57 143) ConnID: -1. ConnidValida: Falso Name:  UserLogged: Falso
13/09/2008 18:32:57 144) ConnID: -1. ConnidValida: Falso Name:  UserLogged: Falso
13/09/2008 18:32:57 145) ConnID: -1. ConnidValida: Falso Name:  UserLogged: Falso
13/09/2008 18:32:57 146) ConnID: -1. ConnidValida: Falso Name:  UserLogged: Falso
13/09/2008 18:32:57 147) ConnID: -1. ConnidValida: Falso Name:  UserLogged: Falso
13/09/2008 18:32:57 148) ConnID: -1. ConnidValida: Falso Name:  UserLogged: Falso
13/09/2008 18:32:57 149) ConnID: -1. ConnidValida: Falso Name:  UserLogged: Falso
13/09/2008 18:32:57 150) ConnID: -1. ConnidValida: Falso Name:  UserLogged: Falso
13/09/2008 18:32:57 151) ConnID: -1. ConnidValida: Falso Name:  UserLogged: Falso
13/09/2008 18:32:57 152) ConnID: -1. ConnidValida: Falso Name:  UserLogged: Falso
13/09/2008 18:32:57 153) ConnID: -1. ConnidValida: Falso Name:  UserLogged: Falso
13/09/2008 18:32:57 154) ConnID: -1. ConnidValida: Falso Name:  UserLogged: Falso
13/09/2008 18:32:57 155) ConnID: -1. ConnidValida: Falso Name:  UserLogged: Falso
13/09/2008 18:32:57 156) ConnID: -1. ConnidValida: Falso Name:  UserLogged: Falso
13/09/2008 18:32:57 157) ConnID: -1. ConnidValida: Falso Name:  UserLogged: Falso
13/09/2008 18:32:57 158) ConnID: -1. ConnidValida: Falso Name:  UserLogged: Falso
13/09/2008 18:32:57 159) ConnID: -1. ConnidValida: Falso Name:  UserLogged: Falso
13/09/2008 18:32:57 160) ConnID: -1. ConnidValida: Falso Name:  UserLogged: Falso
13/09/2008 18:32:57 161) ConnID: -1. ConnidValida: Falso Name:  UserLogged: Falso
13/09/2008 18:32:57 162) ConnID: -1. ConnidValida: Falso Name:  UserLogged: Falso
13/09/2008 18:32:57 163) ConnID: -1. ConnidValida: Falso Name:  UserLogged: Falso
13/09/2008 18:32:57 164) ConnID: -1. ConnidValida: Falso Name:  UserLogged: Falso
13/09/2008 18:32:57 165) ConnID: -1. ConnidValida: Falso Name:  UserLogged: Falso
13/09/2008 18:32:57 166) ConnID: -1. ConnidValida: Falso Name:  UserLogged: Falso
13/09/2008 18:32:57 167) ConnID: -1. ConnidValida: Falso Name:  UserLogged: Falso
13/09/2008 18:32:57 168) ConnID: -1. ConnidValida: Falso Name:  UserLogged: Falso
13/09/2008 18:32:57 169) ConnID: -1. ConnidValida: Falso Name:  UserLogged: Falso
13/09/2008 18:32:57 170) ConnID: -1. ConnidValida: Falso Name:  UserLogged: Falso
13/09/2008 18:32:57 171) ConnID: -1. ConnidValida: Falso Name:  UserLogged: Falso
13/09/2008 18:32:57 172) ConnID: -1. ConnidValida: Falso Name:  UserLogged: Falso
13/09/2008 18:32:57 173) ConnID: -1. ConnidValida: Falso Name:  UserLogged: Falso
13/09/2008 18:32:57 174) ConnID: -1. ConnidValida: Falso Name:  UserLogged: Falso
13/09/2008 18:32:57 175) ConnID: -1. ConnidValida: Falso Name:  UserLogged: Falso
13/09/2008 18:32:57 176) ConnID: -1. ConnidValida: Falso Name:  UserLogged: Falso
13/09/2008 18:32:57 177) ConnID: -1. ConnidValida: Falso Name:  UserLogged: Falso
13/09/2008 18:32:57 178) ConnID: -1. ConnidValida: Falso Name:  UserLogged: Falso
13/09/2008 18:32:57 179) ConnID: -1. ConnidValida: Falso Name:  UserLogged: Falso
13/09/2008 18:32:57 180) ConnID: -1. ConnidValida: Falso Name:  UserLogged: Falso
13/09/2008 18:32:57 181) ConnID: -1. ConnidValida: Falso Name:  UserLogged: Falso
13/09/2008 18:32:57 182) ConnID: -1. ConnidValida: Falso Name:  UserLogged: Falso
13/09/2008 18:32:57 183) ConnID: -1. ConnidValida: Falso Name:  UserLogged: Falso
13/09/2008 18:32:57 184) ConnID: -1. ConnidValida: Falso Name:  UserLogged: Falso
13/09/2008 18:32:57 185) ConnID: -1. ConnidValida: Falso Name:  UserLogged: Falso
13/09/2008 18:32:57 186) ConnID: -1. ConnidValida: Falso Name:  UserLogged: Falso
13/09/2008 18:32:57 187) ConnID: -1. ConnidValida: Falso Name:  UserLogged: Falso
13/09/2008 18:32:57 188) ConnID: -1. ConnidValida: Falso Name:  UserLogged: Falso
13/09/2008 18:32:57 189) ConnID: -1. ConnidValida: Falso Name:  UserLogged: Falso
13/09/2008 18:32:57 190) ConnID: -1. ConnidValida: Falso Name:  UserLogged: Falso
13/09/2008 18:32:57 191) ConnID: -1. ConnidValida: Falso Name:  UserLogged: Falso
13/09/2008 18:32:57 192) ConnID: -1. ConnidValida: Falso Name:  UserLogged: Falso
13/09/2008 18:32:57 193) ConnID: -1. ConnidValida: Falso Name:  UserLogged: Falso
13/09/2008 18:32:57 194) ConnID: -1. ConnidValida: Falso Name:  UserLogged: Falso
13/09/2008 18:32:57 195) ConnID: -1. ConnidValida: Falso Name:  UserLogged: Falso
13/09/2008 18:32:57 196) ConnID: -1. ConnidValida: Falso Name:  UserLogged: Falso
13/09/2008 18:32:57 197) ConnID: -1. ConnidValida: Falso Name:  UserLogged: Falso
13/09/2008 18:32:57 198) ConnID: -1. ConnidValida: Falso Name:  UserLogged: Falso
13/09/2008 18:32:57 199) ConnID: -1. ConnidValida: Falso Name:  UserLogged: Falso
13/09/2008 18:32:57 200) ConnID: -1. ConnidValida: Falso Name:  UserLogged: Falso
13/09/2008 18:32:57 201) ConnID: -1. ConnidValida: Falso Name:  UserLogged: Falso
13/09/2008 18:32:57 202) ConnID: -1. ConnidValida: Falso Name:  UserLogged: Falso
13/09/2008 18:32:57 203) ConnID: -1. ConnidValida: Falso Name:  UserLogged: Falso
13/09/2008 18:32:57 204) ConnID: -1. ConnidValida: Falso Name:  UserLogged: Falso
13/09/2008 18:32:57 205) ConnID: -1. ConnidValida: Falso Name:  UserLogged: Falso
13/09/2008 18:32:57 206) ConnID: -1. ConnidValida: Falso Name:  UserLogged: Falso
13/09/2008 18:32:57 207) ConnID: -1. ConnidValida: Falso Name:  UserLogged: Falso
13/09/2008 18:32:57 208) ConnID: -1. ConnidValida: Falso Name:  UserLogged: Falso
13/09/2008 18:32:57 209) ConnID: -1. ConnidValida: Falso Name:  UserLogged: Falso
13/09/2008 18:32:57 210) ConnID: -1. ConnidValida: Falso Name:  UserLogged: Falso
13/09/2008 18:32:57 211) ConnID: -1. ConnidValida: Falso Name:  UserLogged: Falso
13/09/2008 18:32:57 212) ConnID: -1. ConnidValida: Falso Name:  UserLogged: Falso
13/09/2008 18:32:57 213) ConnID: -1. ConnidValida: Falso Name:  UserLogged: Falso
13/09/2008 18:32:57 214) ConnID: -1. ConnidValida: Falso Name:  UserLogged: Falso
13/09/2008 18:32:57 215) ConnID: -1. ConnidValida: Falso Name:  UserLogged: Falso
13/09/2008 18:32:57 216) ConnID: -1. ConnidValida: Falso Name:  UserLogged: Falso
13/09/2008 18:32:57 217) ConnID: -1. ConnidValida: Falso Name:  UserLogged: Falso
13/09/2008 18:32:57 218) ConnID: -1. ConnidValida: Falso Name:  UserLogged: Falso
13/09/2008 18:32:57 219) ConnID: -1. ConnidValida: Falso Name:  UserLogged: Falso
13/09/2008 18:32:57 220) ConnID: -1. ConnidValida: Falso Name:  UserLogged: Falso
13/09/2008 18:32:57 221) ConnID: -1. ConnidValida: Falso Name:  UserLogged: Falso
13/09/2008 18:32:57 222) ConnID: -1. ConnidValida: Falso Name:  UserLogged: Falso
13/09/2008 18:32:57 223) ConnID: -1. ConnidValida: Falso Name:  UserLogged: Falso
13/09/2008 18:32:57 224) ConnID: -1. ConnidValida: Falso Name:  UserLogged: Falso
13/09/2008 18:32:57 225) ConnID: -1. ConnidValida: Falso Name:  UserLogged: Falso
13/09/2008 18:32:57 226) ConnID: -1. ConnidValida: Falso Name:  UserLogged: Falso
13/09/2008 18:32:57 227) ConnID: -1. ConnidValida: Falso Name:  UserLogged: Falso
13/09/2008 18:32:57 228) ConnID: -1. ConnidValida: Falso Name:  UserLogged: Falso
13/09/2008 18:32:57 229) ConnID: -1. ConnidValida: Falso Name:  UserLogged: Falso
13/09/2008 18:32:57 230) ConnID: -1. ConnidValida: Falso Name:  UserLogged: Falso
13/09/2008 18:32:57 231) ConnID: -1. ConnidValida: Falso Name:  UserLogged: Falso
13/09/2008 18:32:57 232) ConnID: -1. ConnidValida: Falso Name:  UserLogged: Falso
13/09/2008 18:32:57 233) ConnID: -1. ConnidValida: Falso Name:  UserLogged: Falso
13/09/2008 18:32:57 234) ConnID: -1. ConnidValida: Falso Name:  UserLogged: Falso
13/09/2008 18:32:57 235) ConnID: -1. ConnidValida: Falso Name:  UserLogged: Falso
13/09/2008 18:32:57 236) ConnID: -1. ConnidValida: Falso Name:  UserLogged: Falso
13/09/2008 18:32:57 237) ConnID: -1. ConnidValida: Falso Name:  UserLogged: Falso
13/09/2008 18:32:57 238) ConnID: -1. ConnidValida: Falso Name:  UserLogged: Falso
13/09/2008 18:32:57 239) ConnID: -1. ConnidValida: Falso Name:  UserLogged: Falso
13/09/2008 18:32:57 240) ConnID: -1. ConnidValida: Falso Name:  UserLogged: Falso
13/09/2008 18:32:57 241) ConnID: -1. ConnidValida: Falso Name:  UserLogged: Falso
13/09/2008 18:32:57 242) ConnID: -1. ConnidValida: Falso Name:  UserLogged: Falso
13/09/2008 18:32:57 243) ConnID: -1. ConnidValida: Falso Name:  UserLogged: Falso
13/09/2008 18:32:57 244) ConnID: -1. ConnidValida: Falso Name:  UserLogged: Falso
13/09/2008 18:32:57 245) ConnID: -1. ConnidValida: Falso Name:  UserLogged: Falso
13/09/2008 18:32:57 246) ConnID: -1. ConnidValida: Falso Name:  UserLogged: Falso
13/09/2008 18:32:57 247) ConnID: -1. ConnidValida: Falso Name:  UserLogged: Falso
13/09/2008 18:32:57 248) ConnID: -1. ConnidValida: Falso Name:  UserLogged: Falso
13/09/2008 18:32:57 249) ConnID: -1. ConnidValida: Falso Name:  UserLogged: Falso
13/09/2008 18:32:57 250) ConnID: -1. ConnidValida: Falso Name:  UserLogged: Falso
13/09/2008 18:32:57 251) ConnID: -1. ConnidValida: Falso Name:  UserLogged: Falso
13/09/2008 18:32:57 252) ConnID: -1. ConnidValida: Falso Name:  UserLogged: Falso
13/09/2008 18:32:57 253) ConnID: -1. ConnidValida: Falso Name:  UserLogged: Falso
13/09/2008 18:32:57 254) ConnID: -1. ConnidValida: Falso Name:  UserLogged: Falso
13/09/2008 18:32:57 255) ConnID: -1. ConnidValida: Falso Name:  UserLogged: Falso
13/09/2008 18:32:57 256) ConnID: -1. ConnidValida: Falso Name:  UserLogged: Falso
13/09/2008 18:32:57 257) ConnID: -1. ConnidValida: Falso Name:  UserLogged: Falso
13/09/2008 18:32:57 258) ConnID: -1. ConnidValida: Falso Name:  UserLogged: Falso
13/09/2008 18:32:57 259) ConnID: -1. ConnidValida: Falso Name:  UserLogged: Falso
13/09/2008 18:32:57 260) ConnID: -1. ConnidValida: Falso Name:  UserLogged: Falso
13/09/2008 18:32:57 261) ConnID: -1. ConnidValida: Falso Name:  UserLogged: Falso
13/09/2008 18:32:57 262) ConnID: -1. ConnidValida: Falso Name:  UserLogged: Falso
13/09/2008 18:32:57 263) ConnID: -1. ConnidValida: Falso Name:  UserLogged: Falso
13/09/2008 18:32:57 264) ConnID: -1. ConnidValida: Falso Name:  UserLogged: Falso
13/09/2008 18:32:57 265) ConnID: -1. ConnidValida: Falso Name:  UserLogged: Falso
13/09/2008 18:32:57 266) ConnID: -1. ConnidValida: Falso Name:  UserLogged: Falso
13/09/2008 18:32:57 267) ConnID: -1. ConnidValida: Falso Name:  UserLogged: Falso
13/09/2008 18:32:57 268) ConnID: -1. ConnidValida: Falso Name:  UserLogged: Falso
13/09/2008 18:32:57 269) ConnID: -1. ConnidValida: Falso Name:  UserLogged: Falso
13/09/2008 18:32:57 270) ConnID: -1. ConnidValida: Falso Name:  UserLogged: Falso
13/09/2008 18:32:57 271) ConnID: -1. ConnidValida: Falso Name:  UserLogged: Falso
13/09/2008 18:32:57 272) ConnID: -1. ConnidValida: Falso Name:  UserLogged: Falso
13/09/2008 18:32:57 273) ConnID: -1. ConnidValida: Falso Name:  UserLogged: Falso
13/09/2008 18:32:57 274) ConnID: -1. ConnidValida: Falso Name:  UserLogged: Falso
13/09/2008 18:32:57 275) ConnID: -1. ConnidValida: Falso Name:  UserLogged: Falso
13/09/2008 18:32:57 276) ConnID: -1. ConnidValida: Falso Name:  UserLogged: Falso
13/09/2008 18:32:57 277) ConnID: -1. ConnidValida: Falso Name:  UserLogged: Falso
13/09/2008 18:32:57 278) ConnID: -1. ConnidValida: Falso Name:  UserLogged: Falso
13/09/2008 18:32:57 279) ConnID: -1. ConnidValida: Falso Name:  UserLogged: Falso
13/09/2008 18:32:57 280) ConnID: -1. ConnidValida: Falso Name:  UserLogged: Falso
13/09/2008 18:32:57 281) ConnID: -1. ConnidValida: Falso Name:  UserLogged: Falso
13/09/2008 18:32:57 282) ConnID: -1. ConnidValida: Falso Name:  UserLogged: Falso
13/09/2008 18:32:57 283) ConnID: -1. ConnidValida: Falso Name:  UserLogged: Falso
13/09/2008 18:32:57 284) ConnID: -1. ConnidValida: Falso Name:  UserLogged: Falso
13/09/2008 18:32:57 285) ConnID: -1. ConnidValida: Falso Name:  UserLogged: Falso
13/09/2008 18:32:57 286) ConnID: -1. ConnidValida: Falso Name:  UserLogged: Falso
13/09/2008 18:32:57 287) ConnID: -1. ConnidValida: Falso Name:  UserLogged: Falso
13/09/2008 18:32:57 288) ConnID: -1. ConnidValida: Falso Name:  UserLogged: Falso
13/09/2008 18:32:57 289) ConnID: -1. ConnidValida: Falso Name:  UserLogged: Falso
13/09/2008 18:32:57 290) ConnID: -1. ConnidValida: Falso Name:  UserLogged: Falso
13/09/2008 18:32:57 291) ConnID: -1. ConnidValida: Falso Name:  UserLogged: Falso
13/09/2008 18:32:57 292) ConnID: -1. ConnidValida: Falso Name:  UserLogged: Falso
13/09/2008 18:32:57 293) ConnID: -1. ConnidValida: Falso Name:  UserLogged: Falso
13/09/2008 18:32:57 294) ConnID: -1. ConnidValida: Falso Name:  UserLogged: Falso
13/09/2008 18:32:57 295) ConnID: -1. ConnidValida: Falso Name:  UserLogged: Falso
13/09/2008 18:32:57 296) ConnID: -1. ConnidValida: Falso Name:  UserLogged: Falso
13/09/2008 18:32:57 297) ConnID: -1. ConnidValida: Falso Name:  UserLogged: Falso
13/09/2008 18:32:57 298) ConnID: -1. ConnidValida: Falso Name:  UserLogged: Falso
13/09/2008 18:32:57 299) ConnID: -1. ConnidValida: Falso Name:  UserLogged: Falso
13/09/2008 18:32:57 300) ConnID: -1. ConnidValida: Falso Name:  UserLogged: Falso
13/09/2008 18:32:57 301) ConnID: -1. ConnidValida: Falso Name:  UserLogged: Falso
13/09/2008 18:32:57 302) ConnID: -1. ConnidValida: Falso Name:  UserLogged: Falso
13/09/2008 18:32:57 303) ConnID: -1. ConnidValida: Falso Name:  UserLogged: Falso
13/09/2008 18:32:57 304) ConnID: -1. ConnidValida: Falso Name:  UserLogged: Falso
13/09/2008 18:32:57 305) ConnID: -1. ConnidValida: Falso Name:  UserLogged: Falso
13/09/2008 18:32:57 306) ConnID: -1. ConnidValida: Falso Name:  UserLogged: Falso
13/09/2008 18:32:57 307) ConnID: -1. ConnidValida: Falso Name:  UserLogged: Falso
13/09/2008 18:32:57 308) ConnID: -1. ConnidValida: Falso Name:  UserLogged: Falso
13/09/2008 18:32:57 309) ConnID: -1. ConnidValida: Falso Name:  UserLogged: Falso
13/09/2008 18:32:57 310) ConnID: -1. ConnidValida: Falso Name:  UserLogged: Falso
13/09/2008 18:32:57 311) ConnID: -1. ConnidValida: Falso Name:  UserLogged: Falso
13/09/2008 18:32:57 312) ConnID: -1. ConnidValida: Falso Name:  UserLogged: Falso
13/09/2008 18:32:57 313) ConnID: -1. ConnidValida: Falso Name:  UserLogged: Falso
13/09/2008 18:32:57 314) ConnID: -1. ConnidValida: Falso Name:  UserLogged: Falso
13/09/2008 18:32:57 315) ConnID: -1. ConnidValida: Falso Name:  UserLogged: Falso
13/09/2008 18:32:57 316) ConnID: -1. ConnidValida: Falso Name:  UserLogged: Falso
13/09/2008 18:32:57 317) ConnID: -1. ConnidValida: Falso Name:  UserLogged: Falso
13/09/2008 18:32:57 318) ConnID: -1. ConnidValida: Falso Name:  UserLogged: Falso
13/09/2008 18:32:57 319) ConnID: -1. ConnidValida: Falso Name:  UserLogged: Falso
13/09/2008 18:32:57 320) ConnID: -1. ConnidValida: Falso Name:  UserLogged: Falso
13/09/2008 18:32:57 321) ConnID: -1. ConnidValida: Falso Name:  UserLogged: Falso
13/09/2008 18:32:57 322) ConnID: -1. ConnidValida: Falso Name:  UserLogged: Falso
13/09/2008 18:32:57 323) ConnID: -1. ConnidValida: Falso Name:  UserLogged: Falso
13/09/2008 18:32:57 324) ConnID: -1. ConnidValida: Falso Name:  UserLogged: Falso
13/09/2008 18:32:57 325) ConnID: -1. ConnidValida: Falso Name:  UserLogged: Falso
13/09/2008 18:32:57 326) ConnID: -1. ConnidValida: Falso Name:  UserLogged: Falso
13/09/2008 18:32:57 327) ConnID: -1. ConnidValida: Falso Name:  UserLogged: Falso
13/09/2008 18:32:57 328) ConnID: -1. ConnidValida: Falso Name:  UserLogged: Falso
13/09/2008 18:32:57 329) ConnID: -1. ConnidValida: Falso Name:  UserLogged: Falso
13/09/2008 18:32:57 330) ConnID: -1. ConnidValida: Falso Name:  UserLogged: Falso
13/09/2008 18:32:57 331) ConnID: -1. ConnidValida: Falso Name:  UserLogged: Falso
13/09/2008 18:32:57 332) ConnID: -1. ConnidValida: Falso Name:  UserLogged: Falso
13/09/2008 18:32:57 333) ConnID: -1. ConnidValida: Falso Name:  UserLogged: Falso
13/09/2008 18:32:57 334) ConnID: -1. ConnidValida: Falso Name:  UserLogged: Falso
13/09/2008 18:32:57 335) ConnID: -1. ConnidValida: Falso Name:  UserLogged: Falso
13/09/2008 18:32:57 336) ConnID: -1. ConnidValida: Falso Name:  UserLogged: Falso
13/09/2008 18:32:57 337) ConnID: -1. ConnidValida: Falso Name:  UserLogged: Falso
13/09/2008 18:32:57 338) ConnID: -1. ConnidValida: Falso Name:  UserLogged: Falso
13/09/2008 18:32:57 339) ConnID: -1. ConnidValida: Falso Name:  UserLogged: Falso
13/09/2008 18:32:57 340) ConnID: -1. ConnidValida: Falso Name:  UserLogged: Falso
13/09/2008 18:32:57 341) ConnID: -1. ConnidValida: Falso Name:  UserLogged: Falso
13/09/2008 18:32:57 342) ConnID: -1. ConnidValida: Falso Name:  UserLogged: Falso
13/09/2008 18:32:57 343) ConnID: -1. ConnidValida: Falso Name:  UserLogged: Falso
13/09/2008 18:32:57 344) ConnID: -1. ConnidValida: Falso Name:  UserLogged: Falso
13/09/2008 18:32:57 345) ConnID: -1. ConnidValida: Falso Name:  UserLogged: Falso
13/09/2008 18:32:57 346) ConnID: -1. ConnidValida: Falso Name:  UserLogged: Falso
13/09/2008 18:32:57 347) ConnID: -1. ConnidValida: Falso Name:  UserLogged: Falso
13/09/2008 18:32:57 348) ConnID: -1. ConnidValida: Falso Name:  UserLogged: Falso
13/09/2008 18:32:57 349) ConnID: -1. ConnidValida: Falso Name:  UserLogged: Falso
13/09/2008 18:32:57 350) ConnID: -1. ConnidValida: Falso Name:  UserLogged: Falso
13/09/2008 18:32:57 351) ConnID: -1. ConnidValida: Falso Name:  UserLogged: Falso
13/09/2008 18:32:57 352) ConnID: -1. ConnidValida: Falso Name:  UserLogged: Falso
13/09/2008 18:32:57 353) ConnID: -1. ConnidValida: Falso Name:  UserLogged: Falso
13/09/2008 18:32:57 354) ConnID: -1. ConnidValida: Falso Name:  UserLogged: Falso
13/09/2008 18:32:57 355) ConnID: -1. ConnidValida: Falso Name:  UserLogged: Falso
13/09/2008 18:32:57 356) ConnID: -1. ConnidValida: Falso Name:  UserLogged: Falso
13/09/2008 18:32:57 357) ConnID: -1. ConnidValida: Falso Name:  UserLogged: Falso
13/09/2008 18:32:57 358) ConnID: -1. ConnidValida: Falso Name:  UserLogged: Falso
13/09/2008 18:32:57 359) ConnID: -1. ConnidValida: Falso Name:  UserLogged: Falso
13/09/2008 18:32:57 360) ConnID: -1. ConnidValida: Falso Name:  UserLogged: Falso
13/09/2008 18:32:57 361) ConnID: -1. ConnidValida: Falso Name:  UserLogged: Falso
13/09/2008 18:32:57 362) ConnID: -1. ConnidValida: Falso Name:  UserLogged: Falso
13/09/2008 18:32:57 363) ConnID: -1. ConnidValida: Falso Name:  UserLogged: Falso
13/09/2008 18:32:57 364) ConnID: -1. ConnidValida: Falso Name:  UserLogged: Falso
13/09/2008 18:32:57 365) ConnID: -1. ConnidValida: Falso Name:  UserLogged: Falso
13/09/2008 18:32:57 366) ConnID: -1. ConnidValida: Falso Name:  UserLogged: Falso
13/09/2008 18:32:57 367) ConnID: -1. ConnidValida: Falso Name:  UserLogged: Falso
13/09/2008 18:32:57 368) ConnID: -1. ConnidValida: Falso Name:  UserLogged: Falso
13/09/2008 18:32:57 369) ConnID: -1. ConnidValida: Falso Name:  UserLogged: Falso
13/09/2008 18:32:57 370) ConnID: -1. ConnidValida: Falso Name:  UserLogged: Falso
13/09/2008 18:32:57 371) ConnID: -1. ConnidValida: Falso Name:  UserLogged: Falso
13/09/2008 18:32:57 372) ConnID: -1. ConnidValida: Falso Name:  UserLogged: Falso
13/09/2008 18:32:57 373) ConnID: -1. ConnidValida: Falso Name:  UserLogged: Falso
13/09/2008 18:32:57 374) ConnID: -1. ConnidValida: Falso Name:  UserLogged: Falso
13/09/2008 18:32:57 375) ConnID: -1. ConnidValida: Falso Name:  UserLogged: Falso
13/09/2008 18:32:57 376) ConnID: -1. ConnidValida: Falso Name:  UserLogged: Falso
13/09/2008 18:32:57 377) ConnID: -1. ConnidValida: Falso Name:  UserLogged: Falso
13/09/2008 18:32:57 378) ConnID: -1. ConnidValida: Falso Name:  UserLogged: Falso
13/09/2008 18:32:57 379) ConnID: -1. ConnidValida: Falso Name:  UserLogged: Falso
13/09/2008 18:32:57 380) ConnID: -1. ConnidValida: Falso Name:  UserLogged: Falso
13/09/2008 18:32:57 381) ConnID: -1. ConnidValida: Falso Name:  UserLogged: Falso
13/09/2008 18:32:57 382) ConnID: -1. ConnidValida: Falso Name:  UserLogged: Falso
13/09/2008 18:32:57 383) ConnID: -1. ConnidValida: Falso Name:  UserLogged: Falso
13/09/2008 18:32:57 384) ConnID: -1. ConnidValida: Falso Name:  UserLogged: Falso
13/09/2008 18:32:57 385) ConnID: -1. ConnidValida: Falso Name:  UserLogged: Falso
13/09/2008 18:32:57 386) ConnID: -1. ConnidValida: Falso Name:  UserLogged: Falso
13/09/2008 18:32:57 387) ConnID: -1. ConnidValida: Falso Name:  UserLogged: Falso
13/09/2008 18:32:57 388) ConnID: -1. ConnidValida: Falso Name:  UserLogged: Falso
13/09/2008 18:32:57 389) ConnID: -1. ConnidValida: Falso Name:  UserLogged: Falso
13/09/2008 18:32:57 390) ConnID: -1. ConnidValida: Falso Name:  UserLogged: Falso
13/09/2008 18:32:57 391) ConnID: -1. ConnidValida: Falso Name:  UserLogged: Falso
13/09/2008 18:32:57 392) ConnID: -1. ConnidValida: Falso Name:  UserLogged: Falso
13/09/2008 18:32:57 393) ConnID: -1. ConnidValida: Falso Name:  UserLogged: Falso
13/09/2008 18:32:57 394) ConnID: -1. ConnidValida: Falso Name:  UserLogged: Falso
13/09/2008 18:32:57 395) ConnID: -1. ConnidValida: Falso Name:  UserLogged: Falso
13/09/2008 18:32:57 396) ConnID: -1. ConnidValida: Falso Name:  UserLogged: Falso
13/09/2008 18:32:57 397) ConnID: -1. ConnidValida: Falso Name:  UserLogged: Falso
13/09/2008 18:32:57 398) ConnID: -1. ConnidValida: Falso Name:  UserLogged: Falso
13/09/2008 18:32:57 399) ConnID: -1. ConnidValida: Falso Name:  UserLogged: Falso
13/09/2008 18:32:57 400) ConnID: -1. ConnidValida: Falso Name:  UserLogged: Falso
13/09/2008 18:32:57 Lastuser: 2 NextOpenUser: 3
13/09/2008 18:32:59 1) ConnID: 1428. ConnidValida: Verdadero Name: ertzainas UserLogged: Verdadero
13/09/2008 18:32:59 2) ConnID: 1420. ConnidValida: Verdadero Name: Javier Clemente UserLogged: Verdadero
13/09/2008 18:32:59 3) ConnID: -1. ConnidValida: Falso Name:  UserLogged: Falso
13/09/2008 18:32:59 4) ConnID: -1. ConnidValida: Falso Name:  UserLogged: Falso
13/09/2008 18:32:59 5) ConnID: -1. ConnidValida: Falso Name:  UserLogged: Falso
13/09/2008 18:32:59 6) ConnID: -1. ConnidValida: Falso Name:  UserLogged: Falso
13/09/2008 18:32:59 7) ConnID: -1. ConnidValida: Falso Name:  UserLogged: Falso
13/09/2008 18:32:59 8) ConnID: -1. ConnidValida: Falso Name:  UserLogged: Falso
13/09/2008 18:32:59 9) ConnID: -1. ConnidValida: Falso Name:  UserLogged: Falso
13/09/2008 18:32:59 10) ConnID: -1. ConnidValida: Falso Name:  UserLogged: Falso
13/09/2008 18:32:59 11) ConnID: -1. ConnidValida: Falso Name:  UserLogged: Falso
13/09/2008 18:32:59 12) ConnID: -1. ConnidValida: Falso Name:  UserLogged: Falso
13/09/2008 18:32:59 13) ConnID: -1. ConnidValida: Falso Name:  UserLogged: Falso
13/09/2008 18:32:59 14) ConnID: -1. ConnidValida: Falso Name:  UserLogged: Falso
13/09/2008 18:32:59 15) ConnID: -1. ConnidValida: Falso Name:  UserLogged: Falso
13/09/2008 18:32:59 16) ConnID: -1. ConnidValida: Falso Name:  UserLogged: Falso
13/09/2008 18:32:59 17) ConnID: -1. ConnidValida: Falso Name:  UserLogged: Falso
13/09/2008 18:32:59 18) ConnID: -1. ConnidValida: Falso Name:  UserLogged: Falso
13/09/2008 18:32:59 19) ConnID: -1. ConnidValida: Falso Name:  UserLogged: Falso
13/09/2008 18:32:59 20) ConnID: -1. ConnidValida: Falso Name:  UserLogged: Falso
13/09/2008 18:32:59 21) ConnID: -1. ConnidValida: Falso Name:  UserLogged: Falso
13/09/2008 18:32:59 22) ConnID: -1. ConnidValida: Falso Name:  UserLogged: Falso
13/09/2008 18:32:59 23) ConnID: -1. ConnidValida: Falso Name:  UserLogged: Falso
13/09/2008 18:32:59 24) ConnID: -1. ConnidValida: Falso Name:  UserLogged: Falso
13/09/2008 18:32:59 25) ConnID: -1. ConnidValida: Falso Name:  UserLogged: Falso
13/09/2008 18:32:59 26) ConnID: -1. ConnidValida: Falso Name:  UserLogged: Falso
13/09/2008 18:32:59 27) ConnID: -1. ConnidValida: Falso Name:  UserLogged: Falso
13/09/2008 18:32:59 28) ConnID: -1. ConnidValida: Falso Name:  UserLogged: Falso
13/09/2008 18:32:59 29) ConnID: -1. ConnidValida: Falso Name:  UserLogged: Falso
13/09/2008 18:32:59 30) ConnID: -1. ConnidValida: Falso Name:  UserLogged: Falso
13/09/2008 18:32:59 31) ConnID: -1. ConnidValida: Falso Name:  UserLogged: Falso
13/09/2008 18:32:59 32) ConnID: -1. ConnidValida: Falso Name:  UserLogged: Falso
13/09/2008 18:32:59 33) ConnID: -1. ConnidValida: Falso Name:  UserLogged: Falso
13/09/2008 18:32:59 34) ConnID: -1. ConnidValida: Falso Name:  UserLogged: Falso
13/09/2008 18:32:59 35) ConnID: -1. ConnidValida: Falso Name:  UserLogged: Falso
13/09/2008 18:32:59 36) ConnID: -1. ConnidValida: Falso Name:  UserLogged: Falso
13/09/2008 18:32:59 37) ConnID: -1. ConnidValida: Falso Name:  UserLogged: Falso
13/09/2008 18:32:59 38) ConnID: -1. ConnidValida: Falso Name:  UserLogged: Falso
13/09/2008 18:32:59 39) ConnID: -1. ConnidValida: Falso Name:  UserLogged: Falso
13/09/2008 18:32:59 40) ConnID: -1. ConnidValida: Falso Name:  UserLogged: Falso
13/09/2008 18:32:59 41) ConnID: -1. ConnidValida: Falso Name:  UserLogged: Falso
13/09/2008 18:32:59 42) ConnID: -1. ConnidValida: Falso Name:  UserLogged: Falso
13/09/2008 18:32:59 43) ConnID: -1. ConnidValida: Falso Name:  UserLogged: Falso
13/09/2008 18:32:59 44) ConnID: -1. ConnidValida: Falso Name:  UserLogged: Falso
13/09/2008 18:32:59 45) ConnID: -1. ConnidValida: Falso Name:  UserLogged: Falso
13/09/2008 18:32:59 46) ConnID: -1. ConnidValida: Falso Name:  UserLogged: Falso
13/09/2008 18:32:59 47) ConnID: -1. ConnidValida: Falso Name:  UserLogged: Falso
13/09/2008 18:32:59 48) ConnID: -1. ConnidValida: Falso Name:  UserLogged: Falso
13/09/2008 18:32:59 49) ConnID: -1. ConnidValida: Falso Name:  UserLogged: Falso
13/09/2008 18:32:59 50) ConnID: -1. ConnidValida: Falso Name:  UserLogged: Falso
13/09/2008 18:32:59 51) ConnID: -1. ConnidValida: Falso Name:  UserLogged: Falso
13/09/2008 18:32:59 52) ConnID: -1. ConnidValida: Falso Name:  UserLogged: Falso
13/09/2008 18:32:59 53) ConnID: -1. ConnidValida: Falso Name:  UserLogged: Falso
13/09/2008 18:32:59 54) ConnID: -1. ConnidValida: Falso Name:  UserLogged: Falso
13/09/2008 18:32:59 55) ConnID: -1. ConnidValida: Falso Name:  UserLogged: Falso
13/09/2008 18:32:59 56) ConnID: -1. ConnidValida: Falso Name:  UserLogged: Falso
13/09/2008 18:32:59 57) ConnID: -1. ConnidValida: Falso Name:  UserLogged: Falso
13/09/2008 18:32:59 58) ConnID: -1. ConnidValida: Falso Name:  UserLogged: Falso
13/09/2008 18:32:59 59) ConnID: -1. ConnidValida: Falso Name:  UserLogged: Falso
13/09/2008 18:32:59 60) ConnID: -1. ConnidValida: Falso Name:  UserLogged: Falso
13/09/2008 18:32:59 61) ConnID: -1. ConnidValida: Falso Name:  UserLogged: Falso
13/09/2008 18:32:59 62) ConnID: -1. ConnidValida: Falso Name:  UserLogged: Falso
13/09/2008 18:32:59 63) ConnID: -1. ConnidValida: Falso Name:  UserLogged: Falso
13/09/2008 18:32:59 64) ConnID: -1. ConnidValida: Falso Name:  UserLogged: Falso
13/09/2008 18:32:59 65) ConnID: -1. ConnidValida: Falso Name:  UserLogged: Falso
13/09/2008 18:32:59 66) ConnID: -1. ConnidValida: Falso Name:  UserLogged: Falso
13/09/2008 18:32:59 67) ConnID: -1. ConnidValida: Falso Name:  UserLogged: Falso
13/09/2008 18:32:59 68) ConnID: -1. ConnidValida: Falso Name:  UserLogged: Falso
13/09/2008 18:32:59 69) ConnID: -1. ConnidValida: Falso Name:  UserLogged: Falso
13/09/2008 18:32:59 70) ConnID: -1. ConnidValida: Falso Name:  UserLogged: Falso
13/09/2008 18:32:59 71) ConnID: -1. ConnidValida: Falso Name:  UserLogged: Falso
13/09/2008 18:32:59 72) ConnID: -1. ConnidValida: Falso Name:  UserLogged: Falso
13/09/2008 18:32:59 73) ConnID: -1. ConnidValida: Falso Name:  UserLogged: Falso
13/09/2008 18:32:59 74) ConnID: -1. ConnidValida: Falso Name:  UserLogged: Falso
13/09/2008 18:32:59 75) ConnID: -1. ConnidValida: Falso Name:  UserLogged: Falso
13/09/2008 18:32:59 76) ConnID: -1. ConnidValida: Falso Name:  UserLogged: Falso
13/09/2008 18:32:59 77) ConnID: -1. ConnidValida: Falso Name:  UserLogged: Falso
13/09/2008 18:32:59 78) ConnID: -1. ConnidValida: Falso Name:  UserLogged: Falso
13/09/2008 18:32:59 79) ConnID: -1. ConnidValida: Falso Name:  UserLogged: Falso
13/09/2008 18:32:59 80) ConnID: -1. ConnidValida: Falso Name:  UserLogged: Falso
13/09/2008 18:32:59 81) ConnID: -1. ConnidValida: Falso Name:  UserLogged: Falso
13/09/2008 18:32:59 82) ConnID: -1. ConnidValida: Falso Name:  UserLogged: Falso
13/09/2008 18:32:59 83) ConnID: -1. ConnidValida: Falso Name:  UserLogged: Falso
13/09/2008 18:32:59 84) ConnID: -1. ConnidValida: Falso Name:  UserLogged: Falso
13/09/2008 18:32:59 85) ConnID: -1. ConnidValida: Falso Name:  UserLogged: Falso
13/09/2008 18:32:59 86) ConnID: -1. ConnidValida: Falso Name:  UserLogged: Falso
13/09/2008 18:32:59 87) ConnID: -1. ConnidValida: Falso Name:  UserLogged: Falso
13/09/2008 18:32:59 88) ConnID: -1. ConnidValida: Falso Name:  UserLogged: Falso
13/09/2008 18:32:59 89) ConnID: -1. ConnidValida: Falso Name:  UserLogged: Falso
13/09/2008 18:32:59 90) ConnID: -1. ConnidValida: Falso Name:  UserLogged: Falso
13/09/2008 18:32:59 91) ConnID: -1. ConnidValida: Falso Name:  UserLogged: Falso
13/09/2008 18:32:59 92) ConnID: -1. ConnidValida: Falso Name:  UserLogged: Falso
13/09/2008 18:32:59 93) ConnID: -1. ConnidValida: Falso Name:  UserLogged: Falso
13/09/2008 18:32:59 94) ConnID: -1. ConnidValida: Falso Name:  UserLogged: Falso
13/09/2008 18:32:59 95) ConnID: -1. ConnidValida: Falso Name:  UserLogged: Falso
13/09/2008 18:32:59 96) ConnID: -1. ConnidValida: Falso Name:  UserLogged: Falso
13/09/2008 18:32:59 97) ConnID: -1. ConnidValida: Falso Name:  UserLogged: Falso
13/09/2008 18:32:59 98) ConnID: -1. ConnidValida: Falso Name:  UserLogged: Falso
13/09/2008 18:32:59 99) ConnID: -1. ConnidValida: Falso Name:  UserLogged: Falso
13/09/2008 18:32:59 100) ConnID: -1. ConnidValida: Falso Name:  UserLogged: Falso
13/09/2008 18:32:59 101) ConnID: -1. ConnidValida: Falso Name:  UserLogged: Falso
13/09/2008 18:32:59 102) ConnID: -1. ConnidValida: Falso Name:  UserLogged: Falso
13/09/2008 18:32:59 103) ConnID: -1. ConnidValida: Falso Name:  UserLogged: Falso
13/09/2008 18:32:59 104) ConnID: -1. ConnidValida: Falso Name:  UserLogged: Falso
13/09/2008 18:32:59 105) ConnID: -1. ConnidValida: Falso Name:  UserLogged: Falso
13/09/2008 18:32:59 106) ConnID: -1. ConnidValida: Falso Name:  UserLogged: Falso
13/09/2008 18:32:59 107) ConnID: -1. ConnidValida: Falso Name:  UserLogged: Falso
13/09/2008 18:32:59 108) ConnID: -1. ConnidValida: Falso Name:  UserLogged: Falso
13/09/2008 18:32:59 109) ConnID: -1. ConnidValida: Falso Name:  UserLogged: Falso
13/09/2008 18:32:59 110) ConnID: -1. ConnidValida: Falso Name:  UserLogged: Falso
13/09/2008 18:32:59 111) ConnID: -1. ConnidValida: Falso Name:  UserLogged: Falso
13/09/2008 18:32:59 112) ConnID: -1. ConnidValida: Falso Name:  UserLogged: Falso
13/09/2008 18:32:59 113) ConnID: -1. ConnidValida: Falso Name:  UserLogged: Falso
13/09/2008 18:32:59 114) ConnID: -1. ConnidValida: Falso Name:  UserLogged: Falso
13/09/2008 18:32:59 115) ConnID: -1. ConnidValida: Falso Name:  UserLogged: Falso
13/09/2008 18:32:59 116) ConnID: -1. ConnidValida: Falso Name:  UserLogged: Falso
13/09/2008 18:32:59 117) ConnID: -1. ConnidValida: Falso Name:  UserLogged: Falso
13/09/2008 18:32:59 118) ConnID: -1. ConnidValida: Falso Name:  UserLogged: Falso
13/09/2008 18:32:59 119) ConnID: -1. ConnidValida: Falso Name:  UserLogged: Falso
13/09/2008 18:32:59 120) ConnID: -1. ConnidValida: Falso Name:  UserLogged: Falso
13/09/2008 18:32:59 121) ConnID: -1. ConnidValida: Falso Name:  UserLogged: Falso
13/09/2008 18:32:59 122) ConnID: -1. ConnidValida: Falso Name:  UserLogged: Falso
13/09/2008 18:32:59 123) ConnID: -1. ConnidValida: Falso Name:  UserLogged: Falso
13/09/2008 18:32:59 124) ConnID: -1. ConnidValida: Falso Name:  UserLogged: Falso
13/09/2008 18:32:59 125) ConnID: -1. ConnidValida: Falso Name:  UserLogged: Falso
13/09/2008 18:32:59 126) ConnID: -1. ConnidValida: Falso Name:  UserLogged: Falso
13/09/2008 18:32:59 127) ConnID: -1. ConnidValida: Falso Name:  UserLogged: Falso
13/09/2008 18:32:59 128) ConnID: -1. ConnidValida: Falso Name:  UserLogged: Falso
13/09/2008 18:32:59 129) ConnID: -1. ConnidValida: Falso Name:  UserLogged: Falso
13/09/2008 18:32:59 130) ConnID: -1. ConnidValida: Falso Name:  UserLogged: Falso
13/09/2008 18:32:59 131) ConnID: -1. ConnidValida: Falso Name:  UserLogged: Falso
13/09/2008 18:32:59 132) ConnID: -1. ConnidValida: Falso Name:  UserLogged: Falso
13/09/2008 18:32:59 133) ConnID: -1. ConnidValida: Falso Name:  UserLogged: Falso
13/09/2008 18:32:59 134) ConnID: -1. ConnidValida: Falso Name:  UserLogged: Falso
13/09/2008 18:32:59 135) ConnID: -1. ConnidValida: Falso Name:  UserLogged: Falso
13/09/2008 18:32:59 136) ConnID: -1. ConnidValida: Falso Name:  UserLogged: Falso
13/09/2008 18:32:59 137) ConnID: -1. ConnidValida: Falso Name:  UserLogged: Falso
13/09/2008 18:32:59 138) ConnID: -1. ConnidValida: Falso Name:  UserLogged: Falso
13/09/2008 18:32:59 139) ConnID: -1. ConnidValida: Falso Name:  UserLogged: Falso
13/09/2008 18:32:59 140) ConnID: -1. ConnidValida: Falso Name:  UserLogged: Falso
13/09/2008 18:32:59 141) ConnID: -1. ConnidValida: Falso Name:  UserLogged: Falso
13/09/2008 18:32:59 142) ConnID: -1. ConnidValida: Falso Name:  UserLogged: Falso
13/09/2008 18:32:59 143) ConnID: -1. ConnidValida: Falso Name:  UserLogged: Falso
13/09/2008 18:32:59 144) ConnID: -1. ConnidValida: Falso Name:  UserLogged: Falso
13/09/2008 18:32:59 145) ConnID: -1. ConnidValida: Falso Name:  UserLogged: Falso
13/09/2008 18:32:59 146) ConnID: -1. ConnidValida: Falso Name:  UserLogged: Falso
13/09/2008 18:32:59 147) ConnID: -1. ConnidValida: Falso Name:  UserLogged: Falso
13/09/2008 18:32:59 148) ConnID: -1. ConnidValida: Falso Name:  UserLogged: Falso
13/09/2008 18:32:59 149) ConnID: -1. ConnidValida: Falso Name:  UserLogged: Falso
13/09/2008 18:32:59 150) ConnID: -1. ConnidValida: Falso Name:  UserLogged: Falso
13/09/2008 18:32:59 151) ConnID: -1. ConnidValida: Falso Name:  UserLogged: Falso
13/09/2008 18:32:59 152) ConnID: -1. ConnidValida: Falso Name:  UserLogged: Falso
13/09/2008 18:32:59 153) ConnID: -1. ConnidValida: Falso Name:  UserLogged: Falso
13/09/2008 18:32:59 154) ConnID: -1. ConnidValida: Falso Name:  UserLogged: Falso
13/09/2008 18:32:59 155) ConnID: -1. ConnidValida: Falso Name:  UserLogged: Falso
13/09/2008 18:32:59 156) ConnID: -1. ConnidValida: Falso Name:  UserLogged: Falso
13/09/2008 18:32:59 157) ConnID: -1. ConnidValida: Falso Name:  UserLogged: Falso
13/09/2008 18:32:59 158) ConnID: -1. ConnidValida: Falso Name:  UserLogged: Falso
13/09/2008 18:32:59 159) ConnID: -1. ConnidValida: Falso Name:  UserLogged: Falso
13/09/2008 18:32:59 160) ConnID: -1. ConnidValida: Falso Name:  UserLogged: Falso
13/09/2008 18:32:59 161) ConnID: -1. ConnidValida: Falso Name:  UserLogged: Falso
13/09/2008 18:32:59 162) ConnID: -1. ConnidValida: Falso Name:  UserLogged: Falso
13/09/2008 18:32:59 163) ConnID: -1. ConnidValida: Falso Name:  UserLogged: Falso
13/09/2008 18:32:59 164) ConnID: -1. ConnidValida: Falso Name:  UserLogged: Falso
13/09/2008 18:32:59 165) ConnID: -1. ConnidValida: Falso Name:  UserLogged: Falso
13/09/2008 18:32:59 166) ConnID: -1. ConnidValida: Falso Name:  UserLogged: Falso
13/09/2008 18:32:59 167) ConnID: -1. ConnidValida: Falso Name:  UserLogged: Falso
13/09/2008 18:32:59 168) ConnID: -1. ConnidValida: Falso Name:  UserLogged: Falso
13/09/2008 18:32:59 169) ConnID: -1. ConnidValida: Falso Name:  UserLogged: Falso
13/09/2008 18:32:59 170) ConnID: -1. ConnidValida: Falso Name:  UserLogged: Falso
13/09/2008 18:32:59 171) ConnID: -1. ConnidValida: Falso Name:  UserLogged: Falso
13/09/2008 18:32:59 172) ConnID: -1. ConnidValida: Falso Name:  UserLogged: Falso
13/09/2008 18:32:59 173) ConnID: -1. ConnidValida: Falso Name:  UserLogged: Falso
13/09/2008 18:32:59 174) ConnID: -1. ConnidValida: Falso Name:  UserLogged: Falso
13/09/2008 18:32:59 175) ConnID: -1. ConnidValida: Falso Name:  UserLogged: Falso
13/09/2008 18:32:59 176) ConnID: -1. ConnidValida: Falso Name:  UserLogged: Falso
13/09/2008 18:32:59 177) ConnID: -1. ConnidValida: Falso Name:  UserLogged: Falso
13/09/2008 18:32:59 178) ConnID: -1. ConnidValida: Falso Name:  UserLogged: Falso
13/09/2008 18:32:59 179) ConnID: -1. ConnidValida: Falso Name:  UserLogged: Falso
13/09/2008 18:32:59 180) ConnID: -1. ConnidValida: Falso Name:  UserLogged: Falso
13/09/2008 18:32:59 181) ConnID: -1. ConnidValida: Falso Name:  UserLogged: Falso
13/09/2008 18:32:59 182) ConnID: -1. ConnidValida: Falso Name:  UserLogged: Falso
13/09/2008 18:32:59 183) ConnID: -1. ConnidValida: Falso Name:  UserLogged: Falso
13/09/2008 18:32:59 184) ConnID: -1. ConnidValida: Falso Name:  UserLogged: Falso
13/09/2008 18:32:59 185) ConnID: -1. ConnidValida: Falso Name:  UserLogged: Falso
13/09/2008 18:32:59 186) ConnID: -1. ConnidValida: Falso Name:  UserLogged: Falso
13/09/2008 18:32:59 187) ConnID: -1. ConnidValida: Falso Name:  UserLogged: Falso
13/09/2008 18:32:59 188) ConnID: -1. ConnidValida: Falso Name:  UserLogged: Falso
13/09/2008 18:32:59 189) ConnID: -1. ConnidValida: Falso Name:  UserLogged: Falso
13/09/2008 18:32:59 190) ConnID: -1. ConnidValida: Falso Name:  UserLogged: Falso
13/09/2008 18:32:59 191) ConnID: -1. ConnidValida: Falso Name:  UserLogged: Falso
13/09/2008 18:32:59 192) ConnID: -1. ConnidValida: Falso Name:  UserLogged: Falso
13/09/2008 18:32:59 193) ConnID: -1. ConnidValida: Falso Name:  UserLogged: Falso
13/09/2008 18:32:59 194) ConnID: -1. ConnidValida: Falso Name:  UserLogged: Falso
13/09/2008 18:32:59 195) ConnID: -1. ConnidValida: Falso Name:  UserLogged: Falso
13/09/2008 18:32:59 196) ConnID: -1. ConnidValida: Falso Name:  UserLogged: Falso
13/09/2008 18:32:59 197) ConnID: -1. ConnidValida: Falso Name:  UserLogged: Falso
13/09/2008 18:32:59 198) ConnID: -1. ConnidValida: Falso Name:  UserLogged: Falso
13/09/2008 18:32:59 199) ConnID: -1. ConnidValida: Falso Name:  UserLogged: Falso
13/09/2008 18:32:59 200) ConnID: -1. ConnidValida: Falso Name:  UserLogged: Falso
13/09/2008 18:32:59 201) ConnID: -1. ConnidValida: Falso Name:  UserLogged: Falso
13/09/2008 18:32:59 202) ConnID: -1. ConnidValida: Falso Name:  UserLogged: Falso
13/09/2008 18:32:59 203) ConnID: -1. ConnidValida: Falso Name:  UserLogged: Falso
13/09/2008 18:32:59 204) ConnID: -1. ConnidValida: Falso Name:  UserLogged: Falso
13/09/2008 18:32:59 205) ConnID: -1. ConnidValida: Falso Name:  UserLogged: Falso
13/09/2008 18:32:59 206) ConnID: -1. ConnidValida: Falso Name:  UserLogged: Falso
13/09/2008 18:32:59 207) ConnID: -1. ConnidValida: Falso Name:  UserLogged: Falso
13/09/2008 18:32:59 208) ConnID: -1. ConnidValida: Falso Name:  UserLogged: Falso
13/09/2008 18:32:59 209) ConnID: -1. ConnidValida: Falso Name:  UserLogged: Falso
13/09/2008 18:32:59 210) ConnID: -1. ConnidValida: Falso Name:  UserLogged: Falso
13/09/2008 18:32:59 211) ConnID: -1. ConnidValida: Falso Name:  UserLogged: Falso
13/09/2008 18:32:59 212) ConnID: -1. ConnidValida: Falso Name:  UserLogged: Falso
13/09/2008 18:32:59 213) ConnID: -1. ConnidValida: Falso Name:  UserLogged: Falso
13/09/2008 18:32:59 214) ConnID: -1. ConnidValida: Falso Name:  UserLogged: Falso
13/09/2008 18:32:59 215) ConnID: -1. ConnidValida: Falso Name:  UserLogged: Falso
13/09/2008 18:32:59 216) ConnID: -1. ConnidValida: Falso Name:  UserLogged: Falso
13/09/2008 18:32:59 217) ConnID: -1. ConnidValida: Falso Name:  UserLogged: Falso
13/09/2008 18:32:59 218) ConnID: -1. ConnidValida: Falso Name:  UserLogged: Falso
13/09/2008 18:32:59 219) ConnID: -1. ConnidValida: Falso Name:  UserLogged: Falso
13/09/2008 18:32:59 220) ConnID: -1. ConnidValida: Falso Name:  UserLogged: Falso
13/09/2008 18:32:59 221) ConnID: -1. ConnidValida: Falso Name:  UserLogged: Falso
13/09/2008 18:32:59 222) ConnID: -1. ConnidValida: Falso Name:  UserLogged: Falso
13/09/2008 18:32:59 223) ConnID: -1. ConnidValida: Falso Name:  UserLogged: Falso
13/09/2008 18:32:59 224) ConnID: -1. ConnidValida: Falso Name:  UserLogged: Falso
13/09/2008 18:32:59 225) ConnID: -1. ConnidValida: Falso Name:  UserLogged: Falso
13/09/2008 18:32:59 226) ConnID: -1. ConnidValida: Falso Name:  UserLogged: Falso
13/09/2008 18:32:59 227) ConnID: -1. ConnidValida: Falso Name:  UserLogged: Falso
13/09/2008 18:32:59 228) ConnID: -1. ConnidValida: Falso Name:  UserLogged: Falso
13/09/2008 18:32:59 229) ConnID: -1. ConnidValida: Falso Name:  UserLogged: Falso
13/09/2008 18:32:59 230) ConnID: -1. ConnidValida: Falso Name:  UserLogged: Falso
13/09/2008 18:32:59 231) ConnID: -1. ConnidValida: Falso Name:  UserLogged: Falso
13/09/2008 18:32:59 232) ConnID: -1. ConnidValida: Falso Name:  UserLogged: Falso
13/09/2008 18:32:59 233) ConnID: -1. ConnidValida: Falso Name:  UserLogged: Falso
13/09/2008 18:32:59 234) ConnID: -1. ConnidValida: Falso Name:  UserLogged: Falso
13/09/2008 18:32:59 235) ConnID: -1. ConnidValida: Falso Name:  UserLogged: Falso
13/09/2008 18:32:59 236) ConnID: -1. ConnidValida: Falso Name:  UserLogged: Falso
13/09/2008 18:32:59 237) ConnID: -1. ConnidValida: Falso Name:  UserLogged: Falso
13/09/2008 18:32:59 238) ConnID: -1. ConnidValida: Falso Name:  UserLogged: Falso
13/09/2008 18:32:59 239) ConnID: -1. ConnidValida: Falso Name:  UserLogged: Falso
13/09/2008 18:32:59 240) ConnID: -1. ConnidValida: Falso Name:  UserLogged: Falso
13/09/2008 18:32:59 241) ConnID: -1. ConnidValida: Falso Name:  UserLogged: Falso
13/09/2008 18:32:59 242) ConnID: -1. ConnidValida: Falso Name:  UserLogged: Falso
13/09/2008 18:32:59 243) ConnID: -1. ConnidValida: Falso Name:  UserLogged: Falso
13/09/2008 18:32:59 244) ConnID: -1. ConnidValida: Falso Name:  UserLogged: Falso
13/09/2008 18:32:59 245) ConnID: -1. ConnidValida: Falso Name:  UserLogged: Falso
13/09/2008 18:32:59 246) ConnID: -1. ConnidValida: Falso Name:  UserLogged: Falso
13/09/2008 18:32:59 247) ConnID: -1. ConnidValida: Falso Name:  UserLogged: Falso
13/09/2008 18:32:59 248) ConnID: -1. ConnidValida: Falso Name:  UserLogged: Falso
13/09/2008 18:32:59 249) ConnID: -1. ConnidValida: Falso Name:  UserLogged: Falso
13/09/2008 18:32:59 250) ConnID: -1. ConnidValida: Falso Name:  UserLogged: Falso
13/09/2008 18:32:59 251) ConnID: -1. ConnidValida: Falso Name:  UserLogged: Falso
13/09/2008 18:32:59 252) ConnID: -1. ConnidValida: Falso Name:  UserLogged: Falso
13/09/2008 18:32:59 253) ConnID: -1. ConnidValida: Falso Name:  UserLogged: Falso
13/09/2008 18:32:59 254) ConnID: -1. ConnidValida: Falso Name:  UserLogged: Falso
13/09/2008 18:32:59 255) ConnID: -1. ConnidValida: Falso Name:  UserLogged: Falso
13/09/2008 18:32:59 256) ConnID: -1. ConnidValida: Falso Name:  UserLogged: Falso
13/09/2008 18:32:59 257) ConnID: -1. ConnidValida: Falso Name:  UserLogged: Falso
13/09/2008 18:32:59 258) ConnID: -1. ConnidValida: Falso Name:  UserLogged: Falso
13/09/2008 18:32:59 259) ConnID: -1. ConnidValida: Falso Name:  UserLogged: Falso
13/09/2008 18:32:59 260) ConnID: -1. ConnidValida: Falso Name:  UserLogged: Falso
13/09/2008 18:32:59 261) ConnID: -1. ConnidValida: Falso Name:  UserLogged: Falso
13/09/2008 18:32:59 262) ConnID: -1. ConnidValida: Falso Name:  UserLogged: Falso
13/09/2008 18:32:59 263) ConnID: -1. ConnidValida: Falso Name:  UserLogged: Falso
13/09/2008 18:32:59 264) ConnID: -1. ConnidValida: Falso Name:  UserLogged: Falso
13/09/2008 18:32:59 265) ConnID: -1. ConnidValida: Falso Name:  UserLogged: Falso
13/09/2008 18:32:59 266) ConnID: -1. ConnidValida: Falso Name:  UserLogged: Falso
13/09/2008 18:32:59 267) ConnID: -1. ConnidValida: Falso Name:  UserLogged: Falso
13/09/2008 18:32:59 268) ConnID: -1. ConnidValida: Falso Name:  UserLogged: Falso
13/09/2008 18:32:59 269) ConnID: -1. ConnidValida: Falso Name:  UserLogged: Falso
13/09/2008 18:32:59 270) ConnID: -1. ConnidValida: Falso Name:  UserLogged: Falso
13/09/2008 18:32:59 271) ConnID: -1. ConnidValida: Falso Name:  UserLogged: Falso
13/09/2008 18:32:59 272) ConnID: -1. ConnidValida: Falso Name:  UserLogged: Falso
13/09/2008 18:32:59 273) ConnID: -1. ConnidValida: Falso Name:  UserLogged: Falso
13/09/2008 18:32:59 274) ConnID: -1. ConnidValida: Falso Name:  UserLogged: Falso
13/09/2008 18:32:59 275) ConnID: -1. ConnidValida: Falso Name:  UserLogged: Falso
13/09/2008 18:32:59 276) ConnID: -1. ConnidValida: Falso Name:  UserLogged: Falso
13/09/2008 18:32:59 277) ConnID: -1. ConnidValida: Falso Name:  UserLogged: Falso
13/09/2008 18:32:59 278) ConnID: -1. ConnidValida: Falso Name:  UserLogged: Falso
13/09/2008 18:32:59 279) ConnID: -1. ConnidValida: Falso Name:  UserLogged: Falso
13/09/2008 18:32:59 280) ConnID: -1. ConnidValida: Falso Name:  UserLogged: Falso
13/09/2008 18:32:59 281) ConnID: -1. ConnidValida: Falso Name:  UserLogged: Falso
13/09/2008 18:32:59 282) ConnID: -1. ConnidValida: Falso Name:  UserLogged: Falso
13/09/2008 18:32:59 283) ConnID: -1. ConnidValida: Falso Name:  UserLogged: Falso
13/09/2008 18:32:59 284) ConnID: -1. ConnidValida: Falso Name:  UserLogged: Falso
13/09/2008 18:32:59 285) ConnID: -1. ConnidValida: Falso Name:  UserLogged: Falso
13/09/2008 18:32:59 286) ConnID: -1. ConnidValida: Falso Name:  UserLogged: Falso
13/09/2008 18:32:59 287) ConnID: -1. ConnidValida: Falso Name:  UserLogged: Falso
13/09/2008 18:32:59 288) ConnID: -1. ConnidValida: Falso Name:  UserLogged: Falso
13/09/2008 18:32:59 289) ConnID: -1. ConnidValida: Falso Name:  UserLogged: Falso
13/09/2008 18:32:59 290) ConnID: -1. ConnidValida: Falso Name:  UserLogged: Falso
13/09/2008 18:32:59 291) ConnID: -1. ConnidValida: Falso Name:  UserLogged: Falso
13/09/2008 18:32:59 292) ConnID: -1. ConnidValida: Falso Name:  UserLogged: Falso
13/09/2008 18:32:59 293) ConnID: -1. ConnidValida: Falso Name:  UserLogged: Falso
13/09/2008 18:32:59 294) ConnID: -1. ConnidValida: Falso Name:  UserLogged: Falso
13/09/2008 18:32:59 295) ConnID: -1. ConnidValida: Falso Name:  UserLogged: Falso
13/09/2008 18:32:59 296) ConnID: -1. ConnidValida: Falso Name:  UserLogged: Falso
13/09/2008 18:32:59 297) ConnID: -1. ConnidValida: Falso Name:  UserLogged: Falso
13/09/2008 18:32:59 298) ConnID: -1. ConnidValida: Falso Name:  UserLogged: Falso
13/09/2008 18:32:59 299) ConnID: -1. ConnidValida: Falso Name:  UserLogged: Falso
13/09/2008 18:32:59 300) ConnID: -1. ConnidValida: Falso Name:  UserLogged: Falso
13/09/2008 18:32:59 301) ConnID: -1. ConnidValida: Falso Name:  UserLogged: Falso
13/09/2008 18:32:59 302) ConnID: -1. ConnidValida: Falso Name:  UserLogged: Falso
13/09/2008 18:32:59 303) ConnID: -1. ConnidValida: Falso Name:  UserLogged: Falso
13/09/2008 18:32:59 304) ConnID: -1. ConnidValida: Falso Name:  UserLogged: Falso
13/09/2008 18:32:59 305) ConnID: -1. ConnidValida: Falso Name:  UserLogged: Falso
13/09/2008 18:32:59 306) ConnID: -1. ConnidValida: Falso Name:  UserLogged: Falso
13/09/2008 18:32:59 307) ConnID: -1. ConnidValida: Falso Name:  UserLogged: Falso
13/09/2008 18:32:59 308) ConnID: -1. ConnidValida: Falso Name:  UserLogged: Falso
13/09/2008 18:32:59 309) ConnID: -1. ConnidValida: Falso Name:  UserLogged: Falso
13/09/2008 18:32:59 310) ConnID: -1. ConnidValida: Falso Name:  UserLogged: Falso
13/09/2008 18:32:59 311) ConnID: -1. ConnidValida: Falso Name:  UserLogged: Falso
13/09/2008 18:32:59 312) ConnID: -1. ConnidValida: Falso Name:  UserLogged: Falso
13/09/2008 18:32:59 313) ConnID: -1. ConnidValida: Falso Name:  UserLogged: Falso
13/09/2008 18:32:59 314) ConnID: -1. ConnidValida: Falso Name:  UserLogged: Falso
13/09/2008 18:32:59 315) ConnID: -1. ConnidValida: Falso Name:  UserLogged: Falso
13/09/2008 18:32:59 316) ConnID: -1. ConnidValida: Falso Name:  UserLogged: Falso
13/09/2008 18:32:59 317) ConnID: -1. ConnidValida: Falso Name:  UserLogged: Falso
13/09/2008 18:32:59 318) ConnID: -1. ConnidValida: Falso Name:  UserLogged: Falso
13/09/2008 18:32:59 319) ConnID: -1. ConnidValida: Falso Name:  UserLogged: Falso
13/09/2008 18:32:59 320) ConnID: -1. ConnidValida: Falso Name:  UserLogged: Falso
13/09/2008 18:32:59 321) ConnID: -1. ConnidValida: Falso Name:  UserLogged: Falso
13/09/2008 18:32:59 322) ConnID: -1. ConnidValida: Falso Name:  UserLogged: Falso
13/09/2008 18:32:59 323) ConnID: -1. ConnidValida: Falso Name:  UserLogged: Falso
13/09/2008 18:32:59 324) ConnID: -1. ConnidValida: Falso Name:  UserLogged: Falso
13/09/2008 18:32:59 325) ConnID: -1. ConnidValida: Falso Name:  UserLogged: Falso
13/09/2008 18:32:59 326) ConnID: -1. ConnidValida: Falso Name:  UserLogged: Falso
13/09/2008 18:32:59 327) ConnID: -1. ConnidValida: Falso Name:  UserLogged: Falso
13/09/2008 18:32:59 328) ConnID: -1. ConnidValida: Falso Name:  UserLogged: Falso
13/09/2008 18:32:59 329) ConnID: -1. ConnidValida: Falso Name:  UserLogged: Falso
13/09/2008 18:32:59 330) ConnID: -1. ConnidValida: Falso Name:  UserLogged: Falso
13/09/2008 18:32:59 331) ConnID: -1. ConnidValida: Falso Name:  UserLogged: Falso
13/09/2008 18:32:59 332) ConnID: -1. ConnidValida: Falso Name:  UserLogged: Falso
13/09/2008 18:32:59 333) ConnID: -1. ConnidValida: Falso Name:  UserLogged: Falso
13/09/2008 18:32:59 334) ConnID: -1. ConnidValida: Falso Name:  UserLogged: Falso
13/09/2008 18:32:59 335) ConnID: -1. ConnidValida: Falso Name:  UserLogged: Falso
13/09/2008 18:32:59 336) ConnID: -1. ConnidValida: Falso Name:  UserLogged: Falso
13/09/2008 18:32:59 337) ConnID: -1. ConnidValida: Falso Name:  UserLogged: Falso
13/09/2008 18:32:59 338) ConnID: -1. ConnidValida: Falso Name:  UserLogged: Falso
13/09/2008 18:32:59 339) ConnID: -1. ConnidValida: Falso Name:  UserLogged: Falso
13/09/2008 18:32:59 340) ConnID: -1. ConnidValida: Falso Name:  UserLogged: Falso
13/09/2008 18:32:59 341) ConnID: -1. ConnidValida: Falso Name:  UserLogged: Falso
13/09/2008 18:32:59 342) ConnID: -1. ConnidValida: Falso Name:  UserLogged: Falso
13/09/2008 18:32:59 343) ConnID: -1. ConnidValida: Falso Name:  UserLogged: Falso
13/09/2008 18:32:59 344) ConnID: -1. ConnidValida: Falso Name:  UserLogged: Falso
13/09/2008 18:32:59 345) ConnID: -1. ConnidValida: Falso Name:  UserLogged: Falso
13/09/2008 18:32:59 346) ConnID: -1. ConnidValida: Falso Name:  UserLogged: Falso
13/09/2008 18:32:59 347) ConnID: -1. ConnidValida: Falso Name:  UserLogged: Falso
13/09/2008 18:32:59 348) ConnID: -1. ConnidValida: Falso Name:  UserLogged: Falso
13/09/2008 18:32:59 349) ConnID: -1. ConnidValida: Falso Name:  UserLogged: Falso
13/09/2008 18:32:59 350) ConnID: -1. ConnidValida: Falso Name:  UserLogged: Falso
13/09/2008 18:32:59 351) ConnID: -1. ConnidValida: Falso Name:  UserLogged: Falso
13/09/2008 18:32:59 352) ConnID: -1. ConnidValida: Falso Name:  UserLogged: Falso
13/09/2008 18:32:59 353) ConnID: -1. ConnidValida: Falso Name:  UserLogged: Falso
13/09/2008 18:32:59 354) ConnID: -1. ConnidValida: Falso Name:  UserLogged: Falso
13/09/2008 18:32:59 355) ConnID: -1. ConnidValida: Falso Name:  UserLogged: Falso
13/09/2008 18:32:59 356) ConnID: -1. ConnidValida: Falso Name:  UserLogged: Falso
13/09/2008 18:32:59 357) ConnID: -1. ConnidValida: Falso Name:  UserLogged: Falso
13/09/2008 18:32:59 358) ConnID: -1. ConnidValida: Falso Name:  UserLogged: Falso
13/09/2008 18:32:59 359) ConnID: -1. ConnidValida: Falso Name:  UserLogged: Falso
13/09/2008 18:32:59 360) ConnID: -1. ConnidValida: Falso Name:  UserLogged: Falso
13/09/2008 18:32:59 361) ConnID: -1. ConnidValida: Falso Name:  UserLogged: Falso
13/09/2008 18:32:59 362) ConnID: -1. ConnidValida: Falso Name:  UserLogged: Falso
13/09/2008 18:32:59 363) ConnID: -1. ConnidValida: Falso Name:  UserLogged: Falso
13/09/2008 18:32:59 364) ConnID: -1. ConnidValida: Falso Name:  UserLogged: Falso
13/09/2008 18:32:59 365) ConnID: -1. ConnidValida: Falso Name:  UserLogged: Falso
13/09/2008 18:32:59 366) ConnID: -1. ConnidValida: Falso Name:  UserLogged: Falso
13/09/2008 18:32:59 367) ConnID: -1. ConnidValida: Falso Name:  UserLogged: Falso
13/09/2008 18:32:59 368) ConnID: -1. ConnidValida: Falso Name:  UserLogged: Falso
13/09/2008 18:32:59 369) ConnID: -1. ConnidValida: Falso Name:  UserLogged: Falso
13/09/2008 18:32:59 370) ConnID: -1. ConnidValida: Falso Name:  UserLogged: Falso
13/09/2008 18:32:59 371) ConnID: -1. ConnidValida: Falso Name:  UserLogged: Falso
13/09/2008 18:32:59 372) ConnID: -1. ConnidValida: Falso Name:  UserLogged: Falso
13/09/2008 18:32:59 373) ConnID: -1. ConnidValida: Falso Name:  UserLogged: Falso
13/09/2008 18:32:59 374) ConnID: -1. ConnidValida: Falso Name:  UserLogged: Falso
13/09/2008 18:32:59 375) ConnID: -1. ConnidValida: Falso Name:  UserLogged: Falso
13/09/2008 18:32:59 376) ConnID: -1. ConnidValida: Falso Name:  UserLogged: Falso
13/09/2008 18:32:59 377) ConnID: -1. ConnidValida: Falso Name:  UserLogged: Falso
13/09/2008 18:32:59 378) ConnID: -1. ConnidValida: Falso Name:  UserLogged: Falso
13/09/2008 18:32:59 379) ConnID: -1. ConnidValida: Falso Name:  UserLogged: Falso
13/09/2008 18:32:59 380) ConnID: -1. ConnidValida: Falso Name:  UserLogged: Falso
13/09/2008 18:32:59 381) ConnID: -1. ConnidValida: Falso Name:  UserLogged: Falso
13/09/2008 18:32:59 382) ConnID: -1. ConnidValida: Falso Name:  UserLogged: Falso
13/09/2008 18:32:59 383) ConnID: -1. ConnidValida: Falso Name:  UserLogged: Falso
13/09/2008 18:32:59 384) ConnID: -1. ConnidValida: Falso Name:  UserLogged: Falso
13/09/2008 18:32:59 385) ConnID: -1. ConnidValida: Falso Name:  UserLogged: Falso
13/09/2008 18:32:59 386) ConnID: -1. ConnidValida: Falso Name:  UserLogged: Falso
13/09/2008 18:32:59 387) ConnID: -1. ConnidValida: Falso Name:  UserLogged: Falso
13/09/2008 18:32:59 388) ConnID: -1. ConnidValida: Falso Name:  UserLogged: Falso
13/09/2008 18:32:59 389) ConnID: -1. ConnidValida: Falso Name:  UserLogged: Falso
13/09/2008 18:32:59 390) ConnID: -1. ConnidValida: Falso Name:  UserLogged: Falso
13/09/2008 18:32:59 391) ConnID: -1. ConnidValida: Falso Name:  UserLogged: Falso
13/09/2008 18:32:59 392) ConnID: -1. ConnidValida: Falso Name:  UserLogged: Falso
13/09/2008 18:32:59 393) ConnID: -1. ConnidValida: Falso Name:  UserLogged: Falso
13/09/2008 18:32:59 394) ConnID: -1. ConnidValida: Falso Name:  UserLogged: Falso
13/09/2008 18:32:59 395) ConnID: -1. ConnidValida: Falso Name:  UserLogged: Falso
13/09/2008 18:32:59 396) ConnID: -1. ConnidValida: Falso Name:  UserLogged: Falso
13/09/2008 18:32:59 397) ConnID: -1. ConnidValida: Falso Name:  UserLogged: Falso
13/09/2008 18:32:59 398) ConnID: -1. ConnidValida: Falso Name:  UserLogged: Falso
13/09/2008 18:32:59 399) ConnID: -1. ConnidValida: Falso Name:  UserLogged: Falso
13/09/2008 18:32:59 400) ConnID: -1. ConnidValida: Falso Name:  UserLogged: Falso
13/09/2008 18:32:59 Lastuser: 2 NextOpenUser: 3
13/09/2008 18:34:47 NumUsers: 1 WSAPISock2Usr: 1
13/09/2008 18:39:47 NumUsers: 2 WSAPISock2Usr: 2
13/09/2008 18:44:47 NumUsers: 2 WSAPISock2Usr: 2
13/09/2008 18:49:47 NumUsers: 0 WSAPISock2Usr: 0
13/09/2008 18:54:47 NumUsers: 0 WSAPISock2Usr: 0
13/09/2008 18:59:47 NumUsers: 0 WSAPISock2Usr: 0
13/09/2008 19:04:47 NumUsers: 0 WSAPISock2Usr: 0
13/09/2008 19:09:47 NumUsers: 0 WSAPISock2Usr: 0
13/09/2008 19:14:47 NumUsers: 0 WSAPISock2Usr: 0
13/09/2008 19:19:47 NumUsers: 0 WSAPISock2Usr: 0
13/09/2008 19:24:47 NumUsers: 0 WSAPISock2Usr: 0
13/09/2008 19:29:47 NumUsers: 0 WSAPISock2Usr: 0
13/09/2008 19:34:47 NumUsers: 0 WSAPISock2Usr: 0
13/09/2008 19:39:47 NumUsers: 0 WSAPISock2Usr: 0
13/09/2008 19:44:47 NumUsers: 0 WSAPISock2Usr: 0
14/09/2008 1:44:51 NumUsers: 1 WSAPISock2Usr: 1
14/09/2008 1:49:51 NumUsers: 1 WSAPISock2Usr: 1
14/09/2008 1:54:51 NumUsers: 1 WSAPISock2Usr: 1
14/09/2008 3:04:27 NumUsers: 0 WSAPISock2Usr: 0
14/09/2008 3:09:27 NumUsers: 0 WSAPISock2Usr: 0
14/09/2008 3:14:27 NumUsers: 0 WSAPISock2Usr: 0
14/09/2008 3:19:27 NumUsers: 0 WSAPISock2Usr: 0
14/09/2008 3:24:27 NumUsers: 0 WSAPISock2Usr: 0
20/09/2008 18:08:04 NumUsers: 0 WSAPISock2Usr: 0
20/09/2008 18:13:04 NumUsers: 0 WSAPISock2Usr: 0
05/07/2009 20:20:52 NumUsers: 0 WSAPISock2Usr: 0
10/09/2011 17:44:37 NumUsers: 1 WSAPISock2Usr: 1
10/09/2011 17:49:37 NumUsers: 0 WSAPISock2Usr: 0
10/09/2011 17:54:37 NumUsers: 0 WSAPISock2Usr: 0
10/09/2011 18:04:29 NumUsers: 0 WSAPISock2Usr: 0
10/09/2011 18:32:31 NumUsers: 0 WSAPISock2Usr: 0
10/09/2011 18:37:31 NumUsers: 0 WSAPISock2Usr: 0
10/09/2011 18:42:31 NumUsers: 0 WSAPISock2Usr: 0
23/09/2011 22:02:42 NumUsers: 0 WSAPISock2Usr: 0
23/09/2011 22:08:26 NumUsers: 1 WSAPISock2Usr: 1
