23/09/2011 22:09:26 Sub HandleData :/TELEP YO 30 49 51 TrasTras
23/09/2011 22:09:26 Sub HandleData :/TELEP YO 30 45 50 TrasTras
23/09/2011 22:09:27 Sub HandleData :/TELEP YO 30 43 46 TrasTras
23/09/2011 22:09:28 Sub HandleData :LC45,44 TrasTras
23/09/2011 22:09:28 Sub HandleData :/TELEP YO 30 47 43 TrasTras
23/09/2011 22:09:28 Sub HandleData :/TELEP YO 30 51 40 TrasTras
23/09/2011 22:09:29 Sub HandleData :/TELEP YO 30 55 35 TrasTras
23/09/2011 22:09:29 Sub HandleData :RC55,35 TrasTras
23/09/2011 22:09:29 Sub HandleData :/TELEP YO 30 60 31 TrasTras
23/09/2011 22:09:29 Sub HandleData :/TELEP YO 30 65 27 TrasTras
23/09/2011 22:09:30 Sub HandleData :/TELEP YO 30 70 23 TrasTras
23/09/2011 22:09:30 Sub HandleData :M1 TrasTras
23/09/2011 22:09:31 Sub HandleData :M4 TrasTras
23/09/2011 22:09:32 Sub HandleData :M3 TrasTras
23/09/2011 22:09:32 Sub HandleData :CHEA4 TrasTras
23/09/2011 22:09:32 Sub HandleData :CHEA4 TrasTras
23/09/2011 22:09:33 Sub HandleData :LC66,25 TrasTras
23/09/2011 22:09:34 Sub HandleData :M3 TrasTras
23/09/2011 22:09:34 Sub HandleData :M3 TrasTras
23/09/2011 22:09:34 Sub HandleData :M3 TrasTras
23/09/2011 22:09:37 Sub HandleData :/TELEP YO 30 75 28 TrasTras
23/09/2011 22:09:37 Sub HandleData :M2 TrasTras
23/09/2011 22:09:37 Sub HandleData :M2 TrasTras
23/09/2011 22:09:37 Sub HandleData :M2 TrasTras
23/09/2011 22:09:38 Sub HandleData :M2 TrasTras
23/09/2011 22:09:38 Sub HandleData :M2 TrasTras
23/09/2011 22:09:39 Sub HandleData :M2 TrasTras
23/09/2011 22:09:39 Sub HandleData :M2 TrasTras
23/09/2011 22:09:39 Sub HandleData :M4 TrasTras
23/09/2011 22:09:39 Sub HandleData :/TELEP YO 30 78 26 TrasTras
23/09/2011 22:09:40 Sub HandleData :/TELEP YO 30 74 22 TrasTras
23/09/2011 22:09:40 Sub HandleData :M4 TrasTras
23/09/2011 22:09:40 Sub HandleData :/TELEP YO 30 69 18 TrasTras
23/09/2011 22:09:40 Sub HandleData :/TELEP YO 30 65 21 TrasTras
23/09/2011 22:09:40 Sub HandleData :/TELEP YO 30 63 25 TrasTras
23/09/2011 22:09:40 Sub HandleData :/TELEP YO 30 63 30 TrasTras
23/09/2011 22:09:40 Sub HandleData :/TELEP YO 30 65 34 TrasTras
23/09/2011 22:09:41 Sub HandleData :/TELEP YO 30 71 38 TrasTras
23/09/2011 22:09:41 Sub HandleData :/TELEP YO 30 78 42 TrasTras
23/09/2011 22:09:41 Sub HandleData :/TELEP YO 30 79 38 TrasTras
23/09/2011 22:09:41 Sub HandleData :/TELEP YO 30 83 33 TrasTras
23/09/2011 22:09:42 Sub HandleData :/TELEP YO 30 87 28 TrasTras
23/09/2011 22:09:42 Sub HandleData :/TELEP YO 30 91 24 TrasTras
23/09/2011 22:09:42 Sub HandleData :M1 TrasTras
23/09/2011 22:09:42 Sub HandleData :M2 TrasTras
23/09/2011 22:09:43 Sub HandleData :M2 TrasTras
23/09/2011 22:09:43 Sub HandleData :M2 TrasTras
23/09/2011 22:09:43 Sub HandleData :M2 TrasTras
23/09/2011 22:09:43 Sub HandleData :M2 TrasTras
23/09/2011 22:09:43 Sub HandleData :/TELEP YO 31 19 20 TrasTras
23/09/2011 22:09:43 Sub HandleData :/TELEP YO 31 24 18 TrasTras
23/09/2011 22:09:44 Sub HandleData :/TELEP YO 31 28 15 TrasTras
23/09/2011 22:09:44 Sub HandleData :/TELEP YO 31 30 11 TrasTras
23/09/2011 22:09:44 Sub HandleData :/TELEP YO 31 31 8 TrasTras
23/09/2011 22:09:44 Sub HandleData :/TELEP YO 31 31 6 TrasTras
23/09/2011 22:09:44 Sub HandleData :/TELEP YO 31 31 6 TrasTras
23/09/2011 22:09:46 Sub HandleData :LC46,1 TrasTras
