19/08/2008 20:35:41 Se conecto con ip:83.45.112.216
19/08/2008 20:35:50 Transporto a Pocholo hacia Mapa17 X:50 Y:54
19/08/2008 20:36:55 POCHOLO ORO 9999999
19/08/2008 20:38:46 Sumoneo Murcielago
19/08/2008 20:39:36 Agarro:1 Objeto:Caballo Blanco
19/08/2008 20:40:36 LUGUS VIDA 1
19/08/2008 20:43:43 Se conecto con ip:83.45.112.216
19/08/2008 20:45:12 Se conecto con ip:83.45.112.216
19/08/2008 20:45:46 LUGUS LEVEL 99
19/08/2008 20:46:06 POCHOLO LEVEL 99
19/08/2008 20:47:59 Transporto a Pocholo hacia Mapa1 X:34 Y:40
19/08/2008 20:51:57 Se conecto con ip:83.45.112.216
19/08/2008 20:52:55 Transporto a Pocholo hacia Mapa15 X:50 Y:50
19/08/2008 20:55:31 /lluvia
19/08/2008 20:55:46 Transporto a Pocholo hacia Mapa39 X:50 Y:50
19/08/2008 20:57:20 POCHOLO ORO 999999
19/08/2008 20:57:36 Transporto a Pocholo hacia Mapa39 X:60 Y:33
19/08/2008 20:57:47 Transporto a Pocholo hacia Mapa39 X:65 Y:34
19/08/2008 20:57:48 Transporto a Pocholo hacia Mapa39 X:67 Y:38
19/08/2008 20:58:14 Transporto a Pocholo hacia Mapa43 X:50 Y:50
19/08/2008 20:59:09 Transporto a Pocholo hacia Mapa29 X:59 Y:59
19/08/2008 21:02:56 Transporto a Pocholo hacia Mapa20 X:50 Y:50
19/08/2008 21:07:10 Tiro cantidad:1 Objeto:Enrredadera venenosa
19/08/2008 21:07:25 Agarro:1 Objeto:Enrredadera venenosa
19/08/2008 21:09:38 Transporto a Pocholo hacia Mapa22 X:50 Y:50
19/08/2008 21:10:51 Transporto a Pocholo hacia Mapa59 X:39 Y:15
19/08/2008 21:10:57 Transporto a Pocholo hacia Mapa59 X:37 Y:16
19/08/2008 21:21:02 Transporto a Pocholo hacia Mapa30 X:60 Y:60
