19/08/2008 20:27:09 Se conecto con ip:80.32.59.89
19/08/2008 20:28:33 Transporto a Sephiroth hacia Mapa12 X:47 Y:20
19/08/2008 20:28:33 Transporto a Sephiroth hacia Mapa12 X:47 Y:14
19/08/2008 20:28:34 Transporto a Sephiroth hacia Mapa12 X:47 Y:8
19/08/2008 20:28:36 Transporto a Sephiroth hacia Mapa17 X:49 Y:88
19/08/2008 20:28:38 Transporto a Sephiroth hacia Mapa17 X:49 Y:77
19/08/2008 20:28:39 Transporto a Sephiroth hacia Mapa17 X:49 Y:68
19/08/2008 20:28:40 Transporto a Sephiroth hacia Mapa17 X:54 Y:60
19/08/2008 20:28:41 Transporto a Sephiroth hacia Mapa17 X:48 Y:52
19/08/2008 20:28:42 Transporto a Sephiroth hacia Mapa17 X:48 Y:46
19/08/2008 20:28:43 Transporto a Sephiroth hacia Mapa17 X:48 Y:39
19/08/2008 20:28:43 Transporto a Sephiroth hacia Mapa17 X:48 Y:33
19/08/2008 20:28:44 Transporto a Sephiroth hacia Mapa17 X:48 Y:36
19/08/2008 20:28:44 Transporto a Sephiroth hacia Mapa17 X:48 Y:37
19/08/2008 20:28:44 Transporto a Sephiroth hacia Mapa17 X:48 Y:37
19/08/2008 20:28:45 Transporto a Sephiroth hacia Mapa17 X:48 Y:39
19/08/2008 20:28:45 Transporto a Sephiroth hacia Mapa17 X:47 Y:40
19/08/2008 20:28:45 Transporto a Sephiroth hacia Mapa17 X:46 Y:41
19/08/2008 20:28:46 Transporto a Sephiroth hacia Mapa17 X:48 Y:43
19/08/2008 20:28:46 Transporto a Sephiroth hacia Mapa17 X:51 Y:46
19/08/2008 20:28:46 Transporto a Sephiroth hacia Mapa17 X:54 Y:45
19/08/2008 20:28:46 Transporto a Sephiroth hacia Mapa17 X:53 Y:45
19/08/2008 20:28:46 Transporto a Sephiroth hacia Mapa17 X:53 Y:48
19/08/2008 20:33:07 SEPHIROT BODY 111
19/08/2008 20:33:23 SEPHIROTH BODY 111
19/08/2008 20:33:26 SEPHIROTH BODY 222
19/08/2008 20:33:28 SEPHIROTH BODY 150
19/08/2008 20:33:31 SEPHIROTH BODY 178
19/08/2008 20:33:33 SEPHIROTH BODY 199
19/08/2008 20:33:34 SEPHIROTH BODY 200
19/08/2008 20:33:36 SEPHIROTH BODY 201
19/08/2008 20:33:39 SEPHIROTH BODY 202
19/08/2008 20:33:42 SEPHIROTH BODY 203
19/08/2008 20:33:43 SEPHIROTH BODY 204
19/08/2008 20:33:46 SEPHIROTH BODY 208
19/08/2008 20:33:48 SEPHIROTH BODY 215
19/08/2008 20:33:50 SEPHIROTH BODY 216
19/08/2008 20:33:53 SEPHIROTH BODY 210
19/08/2008 20:34:26 Echo a 
19/08/2008 20:35:58 POCHOLO ORO 999999999
19/08/2008 20:36:00 POCHOLO ORO 99999999
19/08/2008 20:36:02 POCHOLO ORO 9999999
19/08/2008 20:36:05 POCHOLO ORO 999999
19/08/2008 20:36:28 SEPHIROTH ORO 999999
19/08/2008 20:36:31 Tiro cantidad:10000 Objeto:Monedas de oro
19/08/2008 20:38:07 Tiro cantidad:10000 Objeto:Monedas de oro
19/08/2008 20:38:17 Tiro cantidad:10000 Objeto:Monedas de oro
19/08/2008 20:38:28 SEPHIROTH ORO 999999
19/08/2008 20:39:31 Tiro cantidad:1 Objeto:Caballo Blanco
19/08/2008 20:39:56 SEPHIROTH ORO 9999999
19/08/2008 20:39:58 SEPHIROTH ORO 999999
19/08/2008 20:40:04 SEPHIROTH ORO 999999
19/08/2008 20:42:14 SEPHIROTH EXP 9999999
19/08/2008 20:42:14 SEPHIROTH EXP 9999999
19/08/2008 20:42:15 SEPHIROTH EXP 9999999
19/08/2008 20:42:17 SEPHIROTH EXP 9999999
19/08/2008 20:42:18 SEPHIROTH EXP 9999999
19/08/2008 20:42:19 SEPHIROTH EXP 9999999
19/08/2008 20:42:23 SEPHIROTH EXP 9999999
19/08/2008 20:42:23 SEPHIROTH EXP 9999999
19/08/2008 20:42:24 SEPHIROTH EXP 9999999
19/08/2008 20:42:24 SEPHIROTH EXP 9999999
19/08/2008 20:42:25 SEPHIROTH EXP 9999999
19/08/2008 20:42:27 SEPHIROTH EXP 9999999
19/08/2008 20:42:27 SEPHIROTH EXP 9999999
19/08/2008 20:42:30 SEPHIROTH EXP 9999999
19/08/2008 20:42:43 POCHOLO EXP 9999999
19/08/2008 20:42:43 POCHOLO EXP 9999999
19/08/2008 20:42:44 POCHOLO EXP 9999999
19/08/2008 20:42:45 POCHOLO EXP 9999999
19/08/2008 20:42:46 POCHOLO EXP 9999999
19/08/2008 20:42:46 POCHOLO EXP 9999999
19/08/2008 20:42:47 POCHOLO EXP 9999999
19/08/2008 20:42:49 POCHOLO EXP 9999999
19/08/2008 20:42:52 /IRA Pocholo Mapa:17 X:49 Y:91
19/08/2008 20:43:35 Echo a 
19/08/2008 20:47:00 Se conecto con ip:80.32.59.89
19/08/2008 20:48:31 Transporto a Sephiroth hacia Mapa15 X:50 Y:50
19/08/2008 20:48:33 Transporto a Sephiroth hacia Mapa15 X:44 Y:55
19/08/2008 20:48:34 Transporto a Sephiroth hacia Mapa15 X:37 Y:62
19/08/2008 20:48:35 Transporto a Sephiroth hacia Mapa15 X:31 Y:69
19/08/2008 20:48:37 Transporto a Sephiroth hacia Mapa15 X:36 Y:78
19/08/2008 20:48:47 Transporto a Sephiroth hacia Mapa30 X:50 Y:50
19/08/2008 20:48:49 Transporto a Sephiroth hacia Mapa30 X:46 Y:46
19/08/2008 20:48:53 /SUM Pocholo Map:30 X:47 Y:44
19/08/2008 20:57:54 Transporto a Sephiroth hacia Mapa30 X:46 Y:62
19/08/2008 20:57:55 Transporto a Sephiroth hacia Mapa30 X:46 Y:68
19/08/2008 20:57:57 Transporto a Sephiroth hacia Mapa30 X:33 Y:68
19/08/2008 20:58:00 Transporto a Sephiroth hacia Mapa30 X:29 Y:58
19/08/2008 20:58:00 Transporto a Sephiroth hacia Mapa30 X:29 Y:53
19/08/2008 20:58:01 Transporto a Sephiroth hacia Mapa30 X:28 Y:48
19/08/2008 20:58:04 Transporto a Sephiroth hacia Mapa30 X:30 Y:38
19/08/2008 20:58:05 Transporto a Sephiroth hacia Mapa30 X:30 Y:32
19/08/2008 20:58:57 Transporto a Sephiroth hacia Mapa43 X:50 Y:50
19/08/2008 20:59:16 Transporto a Sephiroth hacia Mapa1 X:50 Y:50
19/08/2008 20:59:54 /IRA Pocholo Mapa:29 X:50 Y:31
19/08/2008 21:00:11 SEPHIROTH BODY 553
19/08/2008 21:02:14 Transporto a Sephiroth hacia Mapa1 X:50 Y:50
19/08/2008 21:02:23 Transporto a Sephiroth hacia Mapa1 X:30 Y:56
19/08/2008 21:02:25 Transporto a Sephiroth hacia Mapa1 X:28 Y:51
19/08/2008 21:02:25 Transporto a Sephiroth hacia Mapa1 X:28 Y:46
19/08/2008 21:02:26 Transporto a Sephiroth hacia Mapa1 X:31 Y:39
19/08/2008 21:02:27 Transporto a Sephiroth hacia Mapa1 X:30 Y:29
19/08/2008 21:02:28 Transporto a Sephiroth hacia Mapa1 X:29 Y:22
19/08/2008 21:02:29 Transporto a Sephiroth hacia Mapa1 X:28 Y:14
19/08/2008 21:02:30 Transporto a Sephiroth hacia Mapa1 X:30 Y:14
19/08/2008 21:02:33 Transporto a Sephiroth hacia Mapa1 X:38 Y:23
19/08/2008 21:02:34 Transporto a Sephiroth hacia Mapa1 X:38 Y:30
19/08/2008 21:02:40 Transporto a Sephiroth hacia Mapa1 X:41 Y:44
19/08/2008 21:02:42 Transporto a Sephiroth hacia Mapa1 X:42 Y:51
19/08/2008 21:02:43 Transporto a Sephiroth hacia Mapa1 X:45 Y:56
19/08/2008 21:02:44 Transporto a Sephiroth hacia Mapa1 X:52 Y:56
19/08/2008 21:02:45 Transporto a Sephiroth hacia Mapa1 X:58 Y:52
19/08/2008 21:02:47 Transporto a Sephiroth hacia Mapa1 X:59 Y:47
19/08/2008 21:02:47 Transporto a Sephiroth hacia Mapa1 X:60 Y:41
19/08/2008 21:02:48 Transporto a Sephiroth hacia Mapa1 X:63 Y:34
19/08/2008 21:02:49 Transporto a Sephiroth hacia Mapa1 X:61 Y:29
19/08/2008 21:02:51 Transporto a Sephiroth hacia Mapa1 X:65 Y:28
19/08/2008 21:02:51 Transporto a Sephiroth hacia Mapa1 X:72 Y:29
19/08/2008 21:02:53 Transporto a Sephiroth hacia Mapa1 X:76 Y:36
19/08/2008 21:02:54 Transporto a Sephiroth hacia Mapa1 X:76 Y:42
19/08/2008 21:02:55 Transporto a Sephiroth hacia Mapa1 X:77 Y:47
19/08/2008 21:02:56 Transporto a Sephiroth hacia Mapa1 X:76 Y:53
19/08/2008 21:02:57 Transporto a Sephiroth hacia Mapa1 X:76 Y:58
19/08/2008 21:02:57 Transporto a Sephiroth hacia Mapa1 X:76 Y:65
19/08/2008 21:02:58 Transporto a Sephiroth hacia Mapa1 X:76 Y:72
19/08/2008 21:02:59 Transporto a Sephiroth hacia Mapa1 X:80 Y:75
19/08/2008 21:03:03 /SUM Pocholo Map:1 X:80 Y:77
19/08/2008 21:03:46 Transporto a Sephiroth hacia Mapa66 X:50 Y:50
19/08/2008 21:03:48 Transporto a Sephiroth hacia Mapa65 X:50 Y:50
19/08/2008 21:03:51 Transporto a Sephiroth hacia Mapa64 X:50 Y:50
19/08/2008 21:03:55 Transporto a Sephiroth hacia Mapa63 X:50 Y:50
19/08/2008 21:04:00 Transporto a Sephiroth hacia Mapa62 X:50 Y:50
19/08/2008 21:04:04 Transporto a Sephiroth hacia Mapa61 X:50 Y:50
19/08/2008 21:04:08 Transporto a Sephiroth hacia Mapa60 X:50 Y:50
19/08/2008 21:04:12 Transporto a Sephiroth hacia Mapa59 X:50 Y:50
19/08/2008 21:04:15 Transporto a Sephiroth hacia Mapa58 X:50 Y:50
19/08/2008 21:04:21 Transporto a Sephiroth hacia Mapa40 X:50 Y:50
19/08/2008 21:04:25 Transporto a Sephiroth hacia Mapa50 X:50 Y:50
19/08/2008 21:04:35 Transporto a Sephiroth hacia Mapa49 X:50 Y:50
19/08/2008 21:04:40 /SUM Pocholo Map:49 X:50 Y:50
19/08/2008 21:06:37 /IRA Pocholo Mapa:49 X:55 Y:70
19/08/2008 21:08:04 /SUM el vasCo Da Map:49 X:48 Y:69
19/08/2008 21:09:17 /IRA Pocholo Mapa:1 X:85 Y:75
19/08/2008 21:09:41 /IRA Pocholo Mapa:22 X:46 Y:53
19/08/2008 21:10:48 Transporto a Sephiroth hacia Mapa59 X:39 Y:15
19/08/2008 21:10:57 Transporto a Sephiroth hacia Mapa59 X:36 Y:21
19/08/2008 21:11:28 /SUM Pocholo Map:59 X:28 Y:49
19/08/2008 21:12:36 Transporto a Sephiroth hacia Mapa60 X:50 Y:24
19/08/2008 21:12:36 Transporto a Sephiroth hacia Mapa60 X:51 Y:29
19/08/2008 21:12:37 Transporto a Sephiroth hacia Mapa60 X:52 Y:34
19/08/2008 21:12:37 Transporto a Sephiroth hacia Mapa60 X:52 Y:35
19/08/2008 21:12:37 Transporto a Sephiroth hacia Mapa60 X:52 Y:39
19/08/2008 21:12:38 Transporto a Sephiroth hacia Mapa60 X:52 Y:41
19/08/2008 21:12:38 Transporto a Sephiroth hacia Mapa60 X:52 Y:47
19/08/2008 21:12:39 Transporto a Sephiroth hacia Mapa60 X:53 Y:55
19/08/2008 21:12:39 Transporto a Sephiroth hacia Mapa60 X:54 Y:62
19/08/2008 21:12:41 Transporto a Sephiroth hacia Mapa60 X:55 Y:73
19/08/2008 21:12:42 Transporto a Sephiroth hacia Mapa60 X:56 Y:81
19/08/2008 21:12:43 Transporto a Sephiroth hacia Mapa60 X:57 Y:89
19/08/2008 21:12:44 Transporto a Sephiroth hacia Mapa60 X:68 Y:92
19/08/2008 21:12:45 Transporto a Sephiroth hacia Mapa60 X:77 Y:91
19/08/2008 21:12:47 Transporto a Sephiroth hacia Mapa60 X:80 Y:83
19/08/2008 21:12:51 /SUM Pocholo Map:60 X:74 Y:79
19/08/2008 21:12:54 Transporto a Sephiroth hacia Mapa60 X:75 Y:77
19/08/2008 21:18:57 /CI: 1
19/08/2008 21:19:00 Agarro:100 Objeto:Manzana Roja
19/08/2008 21:19:52 /CI: 746
19/08/2008 21:19:55 Agarro:100 Objeto:Dragón Rojo
23/08/2008 23:30:24 Se conecto con ip:80.32.59.89
